program
  compoundstmt
    {
    stmts
      stmt
        assgstmt
          ID
          =
          arithexpr
            multexpr
              simpleexpr
                NUM
              multexprprime
                ε
            arithexprprime
              ε
          ;
      stmts
        stmt
          assgstmt
            ID
            =
            arithexpr
              multexpr
                simpleexpr
                  NUM
                multexprprime
                  ε
              arithexprprime
                ε
            ;
        stmts
          stmt
            assgstmt
              ID
              =
              arithexpr
                multexpr
                  simpleexpr
                    NUM
                  multexprprime
                    ε
                arithexprprime
                  ε
              ;
          stmts
            stmt
              assgstmt
                ID
                =
                arithexpr
                  multexpr
                    simpleexpr
                      NUM
                    multexprprime
                      ε
                  arithexprprime
                    ε
                ;
            stmts
              stmt
                assgstmt
                  ID
                  =
                  arithexpr
                    multexpr
                      simpleexpr
                        NUM
                      multexprprime
                        ε
                    arithexprprime
                      ε
                  ;
              stmts
                stmt
                  whilestmt
                    while
                    (
                    boolexpr
                      arithexpr
                        multexpr
                          simpleexpr
                            ID
                          multexprprime
                            ε
                        arithexprprime
                          ε
                      boolop
                        >
                      arithexpr
                        multexpr
                          simpleexpr
                            NUM
                          multexprprime
                            ε
                        arithexprprime
                          ε
                    )
                    stmt
                      compoundstmt
                        {
                        stmts
                          stmt
                            assgstmt
                              ID
                              =
                              arithexpr
                                multexpr
                                  simpleexpr
                                    ID
                                  multexprprime
                                    ε
                                arithexprprime
                                  +
                                  multexpr
                                    simpleexpr
                                      NUM
                                    multexprprime
                                      ε
                                  arithexprprime
                                    ε
                              ;
                          stmts
                            stmt
                              assgstmt
                                ID
                                =
                                arithexpr
                                  multexpr
                                    simpleexpr
                                      ID
                                    multexprprime
                                      ε
                                  arithexprprime
                                    -
                                    multexpr
                                      simpleexpr
                                        NUM
                                      multexprprime
                                        ε
                                    arithexprprime
                                      ε
                                ;
                            stmts
                              ε
                        }
                stmts
                  stmt
                    ifstmt
                      if
                      (
                      boolexpr
                        arithexpr
                          multexpr
                            simpleexpr
                              ID
                            multexprprime
                              ε
                          arithexprprime
                            ε
                        boolop
                          >=
                        arithexpr
                          multexpr
                            simpleexpr
                              NUM
                            multexprprime
                              ε
                          arithexprprime
                            ε
                      )
                      then
                      stmt
                        assgstmt
                          ID
                          =
                          arithexpr
                            multexpr
                              simpleexpr
                                ID
                              multexprprime
                                ε
                            arithexprprime
                              +
                              multexpr
                                simpleexpr
                                  ID
                                multexprprime
                                  ε
                              arithexprprime
                                ε
                          ;
                      else
                      stmt
                        compoundstmt
                          {
                          stmts
                            stmt
                              assgstmt
                                ID
                                =
                                arithexpr
                                  multexpr
                                    simpleexpr
                                      ID
                                    multexprprime
                                      *
                                      simpleexpr
                                        (
                                        arithexpr
                                          multexpr
                                            simpleexpr
                                              ID
                                            multexprprime
                                              ε
                                          arithexprprime
                                            +
                                            multexpr
                                              simpleexpr
                                                NUM
                                              multexprprime
                                                ε
                                            arithexprprime
                                              ε
                                        )
                                      multexprprime
                                        ε
                                  arithexprprime
                                    ε
                                ;
                            stmts
                              stmt
                                assgstmt
                                  ID
                                  =
                                  arithexpr
                                    multexpr
                                      simpleexpr
                                        ID
                                      multexprprime
                                        ε
                                    arithexprprime
                                      +
                                      multexpr
                                        simpleexpr
                                          ID
                                        multexprprime
                                          ε
                                      arithexprprime
                                        ε
                                  ;
                              stmts
                                ε
                          }
                  stmts
                    stmt
                      ifstmt
                        if
                        (
                        boolexpr
                          arithexpr
                            multexpr
                              simpleexpr
                                ID
                              multexprprime
                                ε
                            arithexprprime
                              ε
                          boolop
                            <=
                          arithexpr
                            multexpr
                              simpleexpr
                                NUM
                              multexprprime
                                ε
                            arithexprprime
                              ε
                        )
                        then
                        stmt
                          assgstmt
                            ID
                            =
                            arithexpr
                              multexpr
                                simpleexpr
                                  ID
                                multexprprime
                                  ε
                              arithexprprime
                                -
                                multexpr
                                  simpleexpr
                                    ID
                                  multexprprime
                                    ε
                                arithexprprime
                                  ε
                            ;
                        else
                        stmt
                          assgstmt
                            ID
                            =
                            arithexpr
                              multexpr
                                simpleexpr
                                  ID
                                multexprprime
                                  ε
                              arithexprprime
                                +
                                multexpr
                                  simpleexpr
                                    ID
                                  multexprprime
                                    /
                                    simpleexpr
                                      NUM
                                    multexprprime
                                      ε
                                arithexprprime
                                  ε
                            ;
                    stmts
                      stmt
                        ifstmt
                          if
                          (
                          boolexpr
                            arithexpr
                              multexpr
                                simpleexpr
                                  ID
                                multexprprime
                                  ε
                              arithexprprime
                                ε
                            boolop
                              ==
                            arithexpr
                              multexpr
                                simpleexpr
                                  ID
                                multexprprime
                                  ε
                              arithexprprime
                                ε
                          )
                          then
                          stmt
                            assgstmt
                              ID
                              =
                              arithexpr
                                multexpr
                                  simpleexpr
                                    ID
                                  multexprprime
                                    ε
                                arithexprprime
                                  -
                                  multexpr
                                    simpleexpr
                                      ID
                                    multexprprime
                                      ε
                                  arithexprprime
                                    ε
                              ;
                          else
                          stmt
                            assgstmt
                              ID
                              =
                              arithexpr
                                multexpr
                                  simpleexpr
                                    ID
                                  multexprprime
                                    ε
                                arithexprprime
                                  -
                                  multexpr
                                    simpleexpr
                                      ID
                                    multexprprime
                                      /
                                      simpleexpr
                                        NUM
                                      multexprprime
                                        ε
                                  arithexprprime
                                    ε
                              ;
                      stmts
                        stmt
                          ifstmt
                            if
                            (
                            boolexpr
                              arithexpr
                                multexpr
                                  simpleexpr
                                    ID
                                  multexprprime
                                    ε
                                arithexprprime
                                  ε
                              boolop
                                >
                              arithexpr
                                multexpr
                                  simpleexpr
                                    NUM
                                  multexprprime
                                    ε
                                arithexprprime
                                  ε
                            )
                            then
                            stmt
                              assgstmt
                                ID
                                =
                                arithexpr
                                  multexpr
                                    simpleexpr
                                      ID
                                    multexprprime
                                      ε
                                  arithexprprime
                                    -
                                    multexpr
                                      simpleexpr
                                        NUM
                                      multexprprime
                                        ε
                                    arithexprprime
                                      ε
                                ;
                            else
                            stmt
                              assgstmt
                                ID
                                =
                                arithexpr
                                  multexpr
                                    simpleexpr
                                      ID
                                    multexprprime
                                      ε
                                  arithexprprime
                                    +
                                    multexpr
                                      simpleexpr
                                        NUM
                                      multexprprime
                                        ε
                                    arithexprprime
                                      ε
                                ;
                        stmts
                          stmt
                            ifstmt
                              if
                              (
                              boolexpr
                                arithexpr
                                  multexpr
                                    simpleexpr
                                      ID
                                    multexprprime
                                      ε
                                  arithexprprime
                                    ε
                                boolop
                                  <
                                arithexpr
                                  multexpr
                                    simpleexpr
                                      NUM
                                    multexprprime
                                      ε
                                  arithexprprime
                                    ε
                              )
                              then
                              stmt
                                assgstmt
                                  ID
                                  =
                                  arithexpr
                                    multexpr
                                      simpleexpr
                                        ID
                                      multexprprime
                                        ε
                                    arithexprprime
                                      +
                                      multexpr
                                        simpleexpr
                                          NUM
                                        multexprprime
                                          ε
                                      arithexprprime
                                        ε
                                  ;
                              else
                              stmt
                                assgstmt
                                  ID
                                  =
                                  arithexpr
                                    multexpr
                                      simpleexpr
                                        ID
                                      multexprprime
                                        ε
                                    arithexprprime
                                      -
                                      multexpr
                                        simpleexpr
                                          NUM
                                        multexprprime
                                          ε
                                      arithexprprime
                                        ε
                                  ;
                          stmts
                            ε
    }
