program
 => compoundstmt 
 => { stmts } 
 => { stmt stmts } 
 => { stmt stmt stmts } 
 => { stmt stmt stmt stmts } 
 => { stmt stmt stmt stmt stmts } 
 => { stmt stmt stmt stmt stmt stmts } 
 => { stmt stmt stmt stmt stmt stmt stmts } 
 => { stmt stmt stmt stmt stmt stmt stmt stmts } 
 => { stmt stmt stmt stmt stmt stmt stmt stmt stmts } 
 => { stmt stmt stmt stmt stmt stmt stmt stmt stmt stmts } 
 => { stmt stmt stmt stmt stmt stmt stmt stmt stmt stmt stmts } 
 => { stmt stmt stmt stmt stmt stmt stmt stmt stmt stmt stmt stmts } 
 => { stmt stmt stmt stmt stmt stmt stmt stmt stmt stmt stmt } 
 => { stmt stmt stmt stmt stmt stmt stmt stmt stmt stmt ifstmt } 
 => { stmt stmt stmt stmt stmt stmt stmt stmt stmt stmt if ( boolexpr ) then stmt else stmt } 
 => { stmt stmt stmt stmt stmt stmt stmt stmt stmt stmt if ( boolexpr ) then stmt else assgstmt } 
 => { stmt stmt stmt stmt stmt stmt stmt stmt stmt stmt if ( boolexpr ) then stmt else ID = arithexpr ; } 
 => { stmt stmt stmt stmt stmt stmt stmt stmt stmt stmt if ( boolexpr ) then stmt else ID = multexpr arithexprprime ; } 
 => { stmt stmt stmt stmt stmt stmt stmt stmt stmt stmt if ( boolexpr ) then stmt else ID = multexpr - multexpr arithexprprime ; } 
 => { stmt stmt stmt stmt stmt stmt stmt stmt stmt stmt if ( boolexpr ) then stmt else ID = multexpr - multexpr ; } 
 => { stmt stmt stmt stmt stmt stmt stmt stmt stmt stmt if ( boolexpr ) then stmt else ID = multexpr - simpleexpr multexprprime ; } 
 => { stmt stmt stmt stmt stmt stmt stmt stmt stmt stmt if ( boolexpr ) then stmt else ID = multexpr - simpleexpr ; } 
 => { stmt stmt stmt stmt stmt stmt stmt stmt stmt stmt if ( boolexpr ) then stmt else ID = multexpr - NUM ; } 
 => { stmt stmt stmt stmt stmt stmt stmt stmt stmt stmt if ( boolexpr ) then stmt else ID = simpleexpr multexprprime - NUM ; } 
 => { stmt stmt stmt stmt stmt stmt stmt stmt stmt stmt if ( boolexpr ) then stmt else ID = simpleexpr - NUM ; } 
 => { stmt stmt stmt stmt stmt stmt stmt stmt stmt stmt if ( boolexpr ) then stmt else ID = ID - NUM ; } 
 => { stmt stmt stmt stmt stmt stmt stmt stmt stmt stmt if ( boolexpr ) then assgstmt else ID = ID - NUM ; } 
 => { stmt stmt stmt stmt stmt stmt stmt stmt stmt stmt if ( boolexpr ) then ID = arithexpr ; else ID = ID - NUM ; } 
 => { stmt stmt stmt stmt stmt stmt stmt stmt stmt stmt if ( boolexpr ) then ID = multexpr arithexprprime ; else ID = ID - NUM ; } 
 => { stmt stmt stmt stmt stmt stmt stmt stmt stmt stmt if ( boolexpr ) then ID = multexpr + multexpr arithexprprime ; else ID = ID - NUM ; } 
 => { stmt stmt stmt stmt stmt stmt stmt stmt stmt stmt if ( boolexpr ) then ID = multexpr + multexpr ; else ID = ID - NUM ; } 
 => { stmt stmt stmt stmt stmt stmt stmt stmt stmt stmt if ( boolexpr ) then ID = multexpr + simpleexpr multexprprime ; else ID = ID - NUM ; } 
 => { stmt stmt stmt stmt stmt stmt stmt stmt stmt stmt if ( boolexpr ) then ID = multexpr + simpleexpr ; else ID = ID - NUM ; } 
 => { stmt stmt stmt stmt stmt stmt stmt stmt stmt stmt if ( boolexpr ) then ID = multexpr + NUM ; else ID = ID - NUM ; } 
 => { stmt stmt stmt stmt stmt stmt stmt stmt stmt stmt if ( boolexpr ) then ID = simpleexpr multexprprime + NUM ; else ID = ID - NUM ; } 
 => { stmt stmt stmt stmt stmt stmt stmt stmt stmt stmt if ( boolexpr ) then ID = simpleexpr + NUM ; else ID = ID - NUM ; } 
 => { stmt stmt stmt stmt stmt stmt stmt stmt stmt stmt if ( boolexpr ) then ID = ID + NUM ; else ID = ID - NUM ; } 
 => { stmt stmt stmt stmt stmt stmt stmt stmt stmt stmt if ( arithexpr boolop arithexpr ) then ID = ID + NUM ; else ID = ID - NUM ; } 
 => { stmt stmt stmt stmt stmt stmt stmt stmt stmt stmt if ( arithexpr boolop multexpr arithexprprime ) then ID = ID + NUM ; else ID = ID - NUM ; } 
 => { stmt stmt stmt stmt stmt stmt stmt stmt stmt stmt if ( arithexpr boolop multexpr ) then ID = ID + NUM ; else ID = ID - NUM ; } 
 => { stmt stmt stmt stmt stmt stmt stmt stmt stmt stmt if ( arithexpr boolop simpleexpr multexprprime ) then ID = ID + NUM ; else ID = ID - NUM ; } 
 => { stmt stmt stmt stmt stmt stmt stmt stmt stmt stmt if ( arithexpr boolop simpleexpr ) then ID = ID + NUM ; else ID = ID - NUM ; } 
 => { stmt stmt stmt stmt stmt stmt stmt stmt stmt stmt if ( arithexpr boolop NUM ) then ID = ID + NUM ; else ID = ID - NUM ; } 
 => { stmt stmt stmt stmt stmt stmt stmt stmt stmt stmt if ( arithexpr < NUM ) then ID = ID + NUM ; else ID = ID - NUM ; } 
 => { stmt stmt stmt stmt stmt stmt stmt stmt stmt stmt if ( multexpr arithexprprime < NUM ) then ID = ID + NUM ; else ID = ID - NUM ; } 
 => { stmt stmt stmt stmt stmt stmt stmt stmt stmt stmt if ( multexpr < NUM ) then ID = ID + NUM ; else ID = ID - NUM ; } 
 => { stmt stmt stmt stmt stmt stmt stmt stmt stmt stmt if ( simpleexpr multexprprime < NUM ) then ID = ID + NUM ; else ID = ID - NUM ; } 
 => { stmt stmt stmt stmt stmt stmt stmt stmt stmt stmt if ( simpleexpr < NUM ) then ID = ID + NUM ; else ID = ID - NUM ; } 
 => { stmt stmt stmt stmt stmt stmt stmt stmt stmt stmt if ( ID < NUM ) then ID = ID + NUM ; else ID = ID - NUM ; } 
 => { stmt stmt stmt stmt stmt stmt stmt stmt stmt ifstmt if ( ID < NUM ) then ID = ID + NUM ; else ID = ID - NUM ; } 
 => { stmt stmt stmt stmt stmt stmt stmt stmt stmt if ( boolexpr ) then stmt else stmt if ( ID < NUM ) then ID = ID + NUM ; else ID = ID - NUM ; } 
 => { stmt stmt stmt stmt stmt stmt stmt stmt stmt if ( boolexpr ) then stmt else assgstmt if ( ID < NUM ) then ID = ID + NUM ; else ID = ID - NUM ; } 
 => { stmt stmt stmt stmt stmt stmt stmt stmt stmt if ( boolexpr ) then stmt else ID = arithexpr ; if ( ID < NUM ) then ID = ID + NUM ; else ID = ID - NUM ; } 
 => { stmt stmt stmt stmt stmt stmt stmt stmt stmt if ( boolexpr ) then stmt else ID = multexpr arithexprprime ; if ( ID < NUM ) then ID = ID + NUM ; else ID = ID - NUM ; } 
 => { stmt stmt stmt stmt stmt stmt stmt stmt stmt if ( boolexpr ) then stmt else ID = multexpr + multexpr arithexprprime ; if ( ID < NUM ) then ID = ID + NUM ; else ID = ID - NUM ; } 
 => { stmt stmt stmt stmt stmt stmt stmt stmt stmt if ( boolexpr ) then stmt else ID = multexpr + multexpr ; if ( ID < NUM ) then ID = ID + NUM ; else ID = ID - NUM ; } 
 => { stmt stmt stmt stmt stmt stmt stmt stmt stmt if ( boolexpr ) then stmt else ID = multexpr + simpleexpr multexprprime ; if ( ID < NUM ) then ID = ID + NUM ; else ID = ID - NUM ; } 
 => { stmt stmt stmt stmt stmt stmt stmt stmt stmt if ( boolexpr ) then stmt else ID = multexpr + simpleexpr ; if ( ID < NUM ) then ID = ID + NUM ; else ID = ID - NUM ; } 
 => { stmt stmt stmt stmt stmt stmt stmt stmt stmt if ( boolexpr ) then stmt else ID = multexpr + NUM ; if ( ID < NUM ) then ID = ID + NUM ; else ID = ID - NUM ; } 
 => { stmt stmt stmt stmt stmt stmt stmt stmt stmt if ( boolexpr ) then stmt else ID = simpleexpr multexprprime + NUM ; if ( ID < NUM ) then ID = ID + NUM ; else ID = ID - NUM ; } 
 => { stmt stmt stmt stmt stmt stmt stmt stmt stmt if ( boolexpr ) then stmt else ID = simpleexpr + NUM ; if ( ID < NUM ) then ID = ID + NUM ; else ID = ID - NUM ; } 
 => { stmt stmt stmt stmt stmt stmt stmt stmt stmt if ( boolexpr ) then stmt else ID = ID + NUM ; if ( ID < NUM ) then ID = ID + NUM ; else ID = ID - NUM ; } 
 => { stmt stmt stmt stmt stmt stmt stmt stmt stmt if ( boolexpr ) then assgstmt else ID = ID + NUM ; if ( ID < NUM ) then ID = ID + NUM ; else ID = ID - NUM ; } 
 => { stmt stmt stmt stmt stmt stmt stmt stmt stmt if ( boolexpr ) then ID = arithexpr ; else ID = ID + NUM ; if ( ID < NUM ) then ID = ID + NUM ; else ID = ID - NUM ; } 
 => { stmt stmt stmt stmt stmt stmt stmt stmt stmt if ( boolexpr ) then ID = multexpr arithexprprime ; else ID = ID + NUM ; if ( ID < NUM ) then ID = ID + NUM ; else ID = ID - NUM ; } 
 => { stmt stmt stmt stmt stmt stmt stmt stmt stmt if ( boolexpr ) then ID = multexpr - multexpr arithexprprime ; else ID = ID + NUM ; if ( ID < NUM ) then ID = ID + NUM ; else ID = ID - NUM ; } 
 => { stmt stmt stmt stmt stmt stmt stmt stmt stmt if ( boolexpr ) then ID = multexpr - multexpr ; else ID = ID + NUM ; if ( ID < NUM ) then ID = ID + NUM ; else ID = ID - NUM ; } 
 => { stmt stmt stmt stmt stmt stmt stmt stmt stmt if ( boolexpr ) then ID = multexpr - simpleexpr multexprprime ; else ID = ID + NUM ; if ( ID < NUM ) then ID = ID + NUM ; else ID = ID - NUM ; } 
 => { stmt stmt stmt stmt stmt stmt stmt stmt stmt if ( boolexpr ) then ID = multexpr - simpleexpr ; else ID = ID + NUM ; if ( ID < NUM ) then ID = ID + NUM ; else ID = ID - NUM ; } 
 => { stmt stmt stmt stmt stmt stmt stmt stmt stmt if ( boolexpr ) then ID = multexpr - NUM ; else ID = ID + NUM ; if ( ID < NUM ) then ID = ID + NUM ; else ID = ID - NUM ; } 
 => { stmt stmt stmt stmt stmt stmt stmt stmt stmt if ( boolexpr ) then ID = simpleexpr multexprprime - NUM ; else ID = ID + NUM ; if ( ID < NUM ) then ID = ID + NUM ; else ID = ID - NUM ; } 
 => { stmt stmt stmt stmt stmt stmt stmt stmt stmt if ( boolexpr ) then ID = simpleexpr - NUM ; else ID = ID + NUM ; if ( ID < NUM ) then ID = ID + NUM ; else ID = ID - NUM ; } 
 => { stmt stmt stmt stmt stmt stmt stmt stmt stmt if ( boolexpr ) then ID = ID - NUM ; else ID = ID + NUM ; if ( ID < NUM ) then ID = ID + NUM ; else ID = ID - NUM ; } 
 => { stmt stmt stmt stmt stmt stmt stmt stmt stmt if ( arithexpr boolop arithexpr ) then ID = ID - NUM ; else ID = ID + NUM ; if ( ID < NUM ) then ID = ID + NUM ; else ID = ID - NUM ; } 
 => { stmt stmt stmt stmt stmt stmt stmt stmt stmt if ( arithexpr boolop multexpr arithexprprime ) then ID = ID - NUM ; else ID = ID + NUM ; if ( ID < NUM ) then ID = ID + NUM ; else ID = ID - NUM ; } 
 => { stmt stmt stmt stmt stmt stmt stmt stmt stmt if ( arithexpr boolop multexpr ) then ID = ID - NUM ; else ID = ID + NUM ; if ( ID < NUM ) then ID = ID + NUM ; else ID = ID - NUM ; } 
 => { stmt stmt stmt stmt stmt stmt stmt stmt stmt if ( arithexpr boolop simpleexpr multexprprime ) then ID = ID - NUM ; else ID = ID + NUM ; if ( ID < NUM ) then ID = ID + NUM ; else ID = ID - NUM ; } 
 => { stmt stmt stmt stmt stmt stmt stmt stmt stmt if ( arithexpr boolop simpleexpr ) then ID = ID - NUM ; else ID = ID + NUM ; if ( ID < NUM ) then ID = ID + NUM ; else ID = ID - NUM ; } 
 => { stmt stmt stmt stmt stmt stmt stmt stmt stmt if ( arithexpr boolop NUM ) then ID = ID - NUM ; else ID = ID + NUM ; if ( ID < NUM ) then ID = ID + NUM ; else ID = ID - NUM ; } 
 => { stmt stmt stmt stmt stmt stmt stmt stmt stmt if ( arithexpr > NUM ) then ID = ID - NUM ; else ID = ID + NUM ; if ( ID < NUM ) then ID = ID + NUM ; else ID = ID - NUM ; } 
 => { stmt stmt stmt stmt stmt stmt stmt stmt stmt if ( multexpr arithexprprime > NUM ) then ID = ID - NUM ; else ID = ID + NUM ; if ( ID < NUM ) then ID = ID + NUM ; else ID = ID - NUM ; } 
 => { stmt stmt stmt stmt stmt stmt stmt stmt stmt if ( multexpr > NUM ) then ID = ID - NUM ; else ID = ID + NUM ; if ( ID < NUM ) then ID = ID + NUM ; else ID = ID - NUM ; } 
 => { stmt stmt stmt stmt stmt stmt stmt stmt stmt if ( simpleexpr multexprprime > NUM ) then ID = ID - NUM ; else ID = ID + NUM ; if ( ID < NUM ) then ID = ID + NUM ; else ID = ID - NUM ; } 
 => { stmt stmt stmt stmt stmt stmt stmt stmt stmt if ( simpleexpr > NUM ) then ID = ID - NUM ; else ID = ID + NUM ; if ( ID < NUM ) then ID = ID + NUM ; else ID = ID - NUM ; } 
 => { stmt stmt stmt stmt stmt stmt stmt stmt stmt if ( ID > NUM ) then ID = ID - NUM ; else ID = ID + NUM ; if ( ID < NUM ) then ID = ID + NUM ; else ID = ID - NUM ; } 
 => { stmt stmt stmt stmt stmt stmt stmt stmt ifstmt if ( ID > NUM ) then ID = ID - NUM ; else ID = ID + NUM ; if ( ID < NUM ) then ID = ID + NUM ; else ID = ID - NUM ; } 
 => { stmt stmt stmt stmt stmt stmt stmt stmt if ( boolexpr ) then stmt else stmt if ( ID > NUM ) then ID = ID - NUM ; else ID = ID + NUM ; if ( ID < NUM ) then ID = ID + NUM ; else ID = ID - NUM ; } 
 => { stmt stmt stmt stmt stmt stmt stmt stmt if ( boolexpr ) then stmt else assgstmt if ( ID > NUM ) then ID = ID - NUM ; else ID = ID + NUM ; if ( ID < NUM ) then ID = ID + NUM ; else ID = ID - NUM ; } 
 => { stmt stmt stmt stmt stmt stmt stmt stmt if ( boolexpr ) then stmt else ID = arithexpr ; if ( ID > NUM ) then ID = ID - NUM ; else ID = ID + NUM ; if ( ID < NUM ) then ID = ID + NUM ; else ID = ID - NUM ; } 
 => { stmt stmt stmt stmt stmt stmt stmt stmt if ( boolexpr ) then stmt else ID = multexpr arithexprprime ; if ( ID > NUM ) then ID = ID - NUM ; else ID = ID + NUM ; if ( ID < NUM ) then ID = ID + NUM ; else ID = ID - NUM ; } 
 => { stmt stmt stmt stmt stmt stmt stmt stmt if ( boolexpr ) then stmt else ID = multexpr - multexpr arithexprprime ; if ( ID > NUM ) then ID = ID - NUM ; else ID = ID + NUM ; if ( ID < NUM ) then ID = ID + NUM ; else ID = ID - NUM ; } 
 => { stmt stmt stmt stmt stmt stmt stmt stmt if ( boolexpr ) then stmt else ID = multexpr - multexpr ; if ( ID > NUM ) then ID = ID - NUM ; else ID = ID + NUM ; if ( ID < NUM ) then ID = ID + NUM ; else ID = ID - NUM ; } 
 => { stmt stmt stmt stmt stmt stmt stmt stmt if ( boolexpr ) then stmt else ID = multexpr - simpleexpr multexprprime ; if ( ID > NUM ) then ID = ID - NUM ; else ID = ID + NUM ; if ( ID < NUM ) then ID = ID + NUM ; else ID = ID - NUM ; } 
 => { stmt stmt stmt stmt stmt stmt stmt stmt if ( boolexpr ) then stmt else ID = multexpr - simpleexpr / simpleexpr multexprprime ; if ( ID > NUM ) then ID = ID - NUM ; else ID = ID + NUM ; if ( ID < NUM ) then ID = ID + NUM ; else ID = ID - NUM ; } 
 => { stmt stmt stmt stmt stmt stmt stmt stmt if ( boolexpr ) then stmt else ID = multexpr - simpleexpr / simpleexpr ; if ( ID > NUM ) then ID = ID - NUM ; else ID = ID + NUM ; if ( ID < NUM ) then ID = ID + NUM ; else ID = ID - NUM ; } 
 => { stmt stmt stmt stmt stmt stmt stmt stmt if ( boolexpr ) then stmt else ID = multexpr - simpleexpr / NUM ; if ( ID > NUM ) then ID = ID - NUM ; else ID = ID + NUM ; if ( ID < NUM ) then ID = ID + NUM ; else ID = ID - NUM ; } 
 => { stmt stmt stmt stmt stmt stmt stmt stmt if ( boolexpr ) then stmt else ID = multexpr - ID / NUM ; if ( ID > NUM ) then ID = ID - NUM ; else ID = ID + NUM ; if ( ID < NUM ) then ID = ID + NUM ; else ID = ID - NUM ; } 
 => { stmt stmt stmt stmt stmt stmt stmt stmt if ( boolexpr ) then stmt else ID = simpleexpr multexprprime - ID / NUM ; if ( ID > NUM ) then ID = ID - NUM ; else ID = ID + NUM ; if ( ID < NUM ) then ID = ID + NUM ; else ID = ID - NUM ; } 
 => { stmt stmt stmt stmt stmt stmt stmt stmt if ( boolexpr ) then stmt else ID = simpleexpr - ID / NUM ; if ( ID > NUM ) then ID = ID - NUM ; else ID = ID + NUM ; if ( ID < NUM ) then ID = ID + NUM ; else ID = ID - NUM ; } 
 => { stmt stmt stmt stmt stmt stmt stmt stmt if ( boolexpr ) then stmt else ID = ID - ID / NUM ; if ( ID > NUM ) then ID = ID - NUM ; else ID = ID + NUM ; if ( ID < NUM ) then ID = ID + NUM ; else ID = ID - NUM ; } 
 => { stmt stmt stmt stmt stmt stmt stmt stmt if ( boolexpr ) then assgstmt else ID = ID - ID / NUM ; if ( ID > NUM ) then ID = ID - NUM ; else ID = ID + NUM ; if ( ID < NUM ) then ID = ID + NUM ; else ID = ID - NUM ; } 
 => { stmt stmt stmt stmt stmt stmt stmt stmt if ( boolexpr ) then ID = arithexpr ; else ID = ID - ID / NUM ; if ( ID > NUM ) then ID = ID - NUM ; else ID = ID + NUM ; if ( ID < NUM ) then ID = ID + NUM ; else ID = ID - NUM ; } 
 => { stmt stmt stmt stmt stmt stmt stmt stmt if ( boolexpr ) then ID = multexpr arithexprprime ; else ID = ID - ID / NUM ; if ( ID > NUM ) then ID = ID - NUM ; else ID = ID + NUM ; if ( ID < NUM ) then ID = ID + NUM ; else ID = ID - NUM ; } 
 => { stmt stmt stmt stmt stmt stmt stmt stmt if ( boolexpr ) then ID = multexpr - multexpr arithexprprime ; else ID = ID - ID / NUM ; if ( ID > NUM ) then ID = ID - NUM ; else ID = ID + NUM ; if ( ID < NUM ) then ID = ID + NUM ; else ID = ID - NUM ; } 
 => { stmt stmt stmt stmt stmt stmt stmt stmt if ( boolexpr ) then ID = multexpr - multexpr ; else ID = ID - ID / NUM ; if ( ID > NUM ) then ID = ID - NUM ; else ID = ID + NUM ; if ( ID < NUM ) then ID = ID + NUM ; else ID = ID - NUM ; } 
 => { stmt stmt stmt stmt stmt stmt stmt stmt if ( boolexpr ) then ID = multexpr - simpleexpr multexprprime ; else ID = ID - ID / NUM ; if ( ID > NUM ) then ID = ID - NUM ; else ID = ID + NUM ; if ( ID < NUM ) then ID = ID + NUM ; else ID = ID - NUM ; } 
 => { stmt stmt stmt stmt stmt stmt stmt stmt if ( boolexpr ) then ID = multexpr - simpleexpr ; else ID = ID - ID / NUM ; if ( ID > NUM ) then ID = ID - NUM ; else ID = ID + NUM ; if ( ID < NUM ) then ID = ID + NUM ; else ID = ID - NUM ; } 
 => { stmt stmt stmt stmt stmt stmt stmt stmt if ( boolexpr ) then ID = multexpr - ID ; else ID = ID - ID / NUM ; if ( ID > NUM ) then ID = ID - NUM ; else ID = ID + NUM ; if ( ID < NUM ) then ID = ID + NUM ; else ID = ID - NUM ; } 
 => { stmt stmt stmt stmt stmt stmt stmt stmt if ( boolexpr ) then ID = simpleexpr multexprprime - ID ; else ID = ID - ID / NUM ; if ( ID > NUM ) then ID = ID - NUM ; else ID = ID + NUM ; if ( ID < NUM ) then ID = ID + NUM ; else ID = ID - NUM ; } 
 => { stmt stmt stmt stmt stmt stmt stmt stmt if ( boolexpr ) then ID = simpleexpr - ID ; else ID = ID - ID / NUM ; if ( ID > NUM ) then ID = ID - NUM ; else ID = ID + NUM ; if ( ID < NUM ) then ID = ID + NUM ; else ID = ID - NUM ; } 
 => { stmt stmt stmt stmt stmt stmt stmt stmt if ( boolexpr ) then ID = ID - ID ; else ID = ID - ID / NUM ; if ( ID > NUM ) then ID = ID - NUM ; else ID = ID + NUM ; if ( ID < NUM ) then ID = ID + NUM ; else ID = ID - NUM ; } 
 => { stmt stmt stmt stmt stmt stmt stmt stmt if ( arithexpr boolop arithexpr ) then ID = ID - ID ; else ID = ID - ID / NUM ; if ( ID > NUM ) then ID = ID - NUM ; else ID = ID + NUM ; if ( ID < NUM ) then ID = ID + NUM ; else ID = ID - NUM ; } 
 => { stmt stmt stmt stmt stmt stmt stmt stmt if ( arithexpr boolop multexpr arithexprprime ) then ID = ID - ID ; else ID = ID - ID / NUM ; if ( ID > NUM ) then ID = ID - NUM ; else ID = ID + NUM ; if ( ID < NUM ) then ID = ID + NUM ; else ID = ID - NUM ; } 
 => { stmt stmt stmt stmt stmt stmt stmt stmt if ( arithexpr boolop multexpr ) then ID = ID - ID ; else ID = ID - ID / NUM ; if ( ID > NUM ) then ID = ID - NUM ; else ID = ID + NUM ; if ( ID < NUM ) then ID = ID + NUM ; else ID = ID - NUM ; } 
 => { stmt stmt stmt stmt stmt stmt stmt stmt if ( arithexpr boolop simpleexpr multexprprime ) then ID = ID - ID ; else ID = ID - ID / NUM ; if ( ID > NUM ) then ID = ID - NUM ; else ID = ID + NUM ; if ( ID < NUM ) then ID = ID + NUM ; else ID = ID - NUM ; } 
 => { stmt stmt stmt stmt stmt stmt stmt stmt if ( arithexpr boolop simpleexpr ) then ID = ID - ID ; else ID = ID - ID / NUM ; if ( ID > NUM ) then ID = ID - NUM ; else ID = ID + NUM ; if ( ID < NUM ) then ID = ID + NUM ; else ID = ID - NUM ; } 
 => { stmt stmt stmt stmt stmt stmt stmt stmt if ( arithexpr boolop ID ) then ID = ID - ID ; else ID = ID - ID / NUM ; if ( ID > NUM ) then ID = ID - NUM ; else ID = ID + NUM ; if ( ID < NUM ) then ID = ID + NUM ; else ID = ID - NUM ; } 
 => { stmt stmt stmt stmt stmt stmt stmt stmt if ( arithexpr == ID ) then ID = ID - ID ; else ID = ID - ID / NUM ; if ( ID > NUM ) then ID = ID - NUM ; else ID = ID + NUM ; if ( ID < NUM ) then ID = ID + NUM ; else ID = ID - NUM ; } 
 => { stmt stmt stmt stmt stmt stmt stmt stmt if ( multexpr arithexprprime == ID ) then ID = ID - ID ; else ID = ID - ID / NUM ; if ( ID > NUM ) then ID = ID - NUM ; else ID = ID + NUM ; if ( ID < NUM ) then ID = ID + NUM ; else ID = ID - NUM ; } 
 => { stmt stmt stmt stmt stmt stmt stmt stmt if ( multexpr == ID ) then ID = ID - ID ; else ID = ID - ID / NUM ; if ( ID > NUM ) then ID = ID - NUM ; else ID = ID + NUM ; if ( ID < NUM ) then ID = ID + NUM ; else ID = ID - NUM ; } 
 => { stmt stmt stmt stmt stmt stmt stmt stmt if ( simpleexpr multexprprime == ID ) then ID = ID - ID ; else ID = ID - ID / NUM ; if ( ID > NUM ) then ID = ID - NUM ; else ID = ID + NUM ; if ( ID < NUM ) then ID = ID + NUM ; else ID = ID - NUM ; } 
 => { stmt stmt stmt stmt stmt stmt stmt stmt if ( simpleexpr == ID ) then ID = ID - ID ; else ID = ID - ID / NUM ; if ( ID > NUM ) then ID = ID - NUM ; else ID = ID + NUM ; if ( ID < NUM ) then ID = ID + NUM ; else ID = ID - NUM ; } 
 => { stmt stmt stmt stmt stmt stmt stmt stmt if ( ID == ID ) then ID = ID - ID ; else ID = ID - ID / NUM ; if ( ID > NUM ) then ID = ID - NUM ; else ID = ID + NUM ; if ( ID < NUM ) then ID = ID + NUM ; else ID = ID - NUM ; } 
 => { stmt stmt stmt stmt stmt stmt stmt ifstmt if ( ID == ID ) then ID = ID - ID ; else ID = ID - ID / NUM ; if ( ID > NUM ) then ID = ID - NUM ; else ID = ID + NUM ; if ( ID < NUM ) then ID = ID + NUM ; else ID = ID - NUM ; } 
 => { stmt stmt stmt stmt stmt stmt stmt if ( boolexpr ) then stmt else stmt if ( ID == ID ) then ID = ID - ID ; else ID = ID - ID / NUM ; if ( ID > NUM ) then ID = ID - NUM ; else ID = ID + NUM ; if ( ID < NUM ) then ID = ID + NUM ; else ID = ID - NUM ; } 
 => { stmt stmt stmt stmt stmt stmt stmt if ( boolexpr ) then stmt else assgstmt if ( ID == ID ) then ID = ID - ID ; else ID = ID - ID / NUM ; if ( ID > NUM ) then ID = ID - NUM ; else ID = ID + NUM ; if ( ID < NUM ) then ID = ID + NUM ; else ID = ID - NUM ; } 
 => { stmt stmt stmt stmt stmt stmt stmt if ( boolexpr ) then stmt else ID = arithexpr ; if ( ID == ID ) then ID = ID - ID ; else ID = ID - ID / NUM ; if ( ID > NUM ) then ID = ID - NUM ; else ID = ID + NUM ; if ( ID < NUM ) then ID = ID + NUM ; else ID = ID - NUM ; } 
 => { stmt stmt stmt stmt stmt stmt stmt if ( boolexpr ) then stmt else ID = multexpr arithexprprime ; if ( ID == ID ) then ID = ID - ID ; else ID = ID - ID / NUM ; if ( ID > NUM ) then ID = ID - NUM ; else ID = ID + NUM ; if ( ID < NUM ) then ID = ID + NUM ; else ID = ID - NUM ; } 
 => { stmt stmt stmt stmt stmt stmt stmt if ( boolexpr ) then stmt else ID = multexpr + multexpr arithexprprime ; if ( ID == ID ) then ID = ID - ID ; else ID = ID - ID / NUM ; if ( ID > NUM ) then ID = ID - NUM ; else ID = ID + NUM ; if ( ID < NUM ) then ID = ID + NUM ; else ID = ID - NUM ; } 
 => { stmt stmt stmt stmt stmt stmt stmt if ( boolexpr ) then stmt else ID = multexpr + multexpr ; if ( ID == ID ) then ID = ID - ID ; else ID = ID - ID / NUM ; if ( ID > NUM ) then ID = ID - NUM ; else ID = ID + NUM ; if ( ID < NUM ) then ID = ID + NUM ; else ID = ID - NUM ; } 
 => { stmt stmt stmt stmt stmt stmt stmt if ( boolexpr ) then stmt else ID = multexpr + simpleexpr multexprprime ; if ( ID == ID ) then ID = ID - ID ; else ID = ID - ID / NUM ; if ( ID > NUM ) then ID = ID - NUM ; else ID = ID + NUM ; if ( ID < NUM ) then ID = ID + NUM ; else ID = ID - NUM ; } 
 => { stmt stmt stmt stmt stmt stmt stmt if ( boolexpr ) then stmt else ID = multexpr + simpleexpr / simpleexpr multexprprime ; if ( ID == ID ) then ID = ID - ID ; else ID = ID - ID / NUM ; if ( ID > NUM ) then ID = ID - NUM ; else ID = ID + NUM ; if ( ID < NUM ) then ID = ID + NUM ; else ID = ID - NUM ; } 
 => { stmt stmt stmt stmt stmt stmt stmt if ( boolexpr ) then stmt else ID = multexpr + simpleexpr / simpleexpr ; if ( ID == ID ) then ID = ID - ID ; else ID = ID - ID / NUM ; if ( ID > NUM ) then ID = ID - NUM ; else ID = ID + NUM ; if ( ID < NUM ) then ID = ID + NUM ; else ID = ID - NUM ; } 
 => { stmt stmt stmt stmt stmt stmt stmt if ( boolexpr ) then stmt else ID = multexpr + simpleexpr / NUM ; if ( ID == ID ) then ID = ID - ID ; else ID = ID - ID / NUM ; if ( ID > NUM ) then ID = ID - NUM ; else ID = ID + NUM ; if ( ID < NUM ) then ID = ID + NUM ; else ID = ID - NUM ; } 
 => { stmt stmt stmt stmt stmt stmt stmt if ( boolexpr ) then stmt else ID = multexpr + ID / NUM ; if ( ID == ID ) then ID = ID - ID ; else ID = ID - ID / NUM ; if ( ID > NUM ) then ID = ID - NUM ; else ID = ID + NUM ; if ( ID < NUM ) then ID = ID + NUM ; else ID = ID - NUM ; } 
 => { stmt stmt stmt stmt stmt stmt stmt if ( boolexpr ) then stmt else ID = simpleexpr multexprprime + ID / NUM ; if ( ID == ID ) then ID = ID - ID ; else ID = ID - ID / NUM ; if ( ID > NUM ) then ID = ID - NUM ; else ID = ID + NUM ; if ( ID < NUM ) then ID = ID + NUM ; else ID = ID - NUM ; } 
 => { stmt stmt stmt stmt stmt stmt stmt if ( boolexpr ) then stmt else ID = simpleexpr + ID / NUM ; if ( ID == ID ) then ID = ID - ID ; else ID = ID - ID / NUM ; if ( ID > NUM ) then ID = ID - NUM ; else ID = ID + NUM ; if ( ID < NUM ) then ID = ID + NUM ; else ID = ID - NUM ; } 
 => { stmt stmt stmt stmt stmt stmt stmt if ( boolexpr ) then stmt else ID = ID + ID / NUM ; if ( ID == ID ) then ID = ID - ID ; else ID = ID - ID / NUM ; if ( ID > NUM ) then ID = ID - NUM ; else ID = ID + NUM ; if ( ID < NUM ) then ID = ID + NUM ; else ID = ID - NUM ; } 
 => { stmt stmt stmt stmt stmt stmt stmt if ( boolexpr ) then assgstmt else ID = ID + ID / NUM ; if ( ID == ID ) then ID = ID - ID ; else ID = ID - ID / NUM ; if ( ID > NUM ) then ID = ID - NUM ; else ID = ID + NUM ; if ( ID < NUM ) then ID = ID + NUM ; else ID = ID - NUM ; } 
 => { stmt stmt stmt stmt stmt stmt stmt if ( boolexpr ) then ID = arithexpr ; else ID = ID + ID / NUM ; if ( ID == ID ) then ID = ID - ID ; else ID = ID - ID / NUM ; if ( ID > NUM ) then ID = ID - NUM ; else ID = ID + NUM ; if ( ID < NUM ) then ID = ID + NUM ; else ID = ID - NUM ; } 
 => { stmt stmt stmt stmt stmt stmt stmt if ( boolexpr ) then ID = multexpr arithexprprime ; else ID = ID + ID / NUM ; if ( ID == ID ) then ID = ID - ID ; else ID = ID - ID / NUM ; if ( ID > NUM ) then ID = ID - NUM ; else ID = ID + NUM ; if ( ID < NUM ) then ID = ID + NUM ; else ID = ID - NUM ; } 
 => { stmt stmt stmt stmt stmt stmt stmt if ( boolexpr ) then ID = multexpr - multexpr arithexprprime ; else ID = ID + ID / NUM ; if ( ID == ID ) then ID = ID - ID ; else ID = ID - ID / NUM ; if ( ID > NUM ) then ID = ID - NUM ; else ID = ID + NUM ; if ( ID < NUM ) then ID = ID + NUM ; else ID = ID - NUM ; } 
 => { stmt stmt stmt stmt stmt stmt stmt if ( boolexpr ) then ID = multexpr - multexpr ; else ID = ID + ID / NUM ; if ( ID == ID ) then ID = ID - ID ; else ID = ID - ID / NUM ; if ( ID > NUM ) then ID = ID - NUM ; else ID = ID + NUM ; if ( ID < NUM ) then ID = ID + NUM ; else ID = ID - NUM ; } 
 => { stmt stmt stmt stmt stmt stmt stmt if ( boolexpr ) then ID = multexpr - simpleexpr multexprprime ; else ID = ID + ID / NUM ; if ( ID == ID ) then ID = ID - ID ; else ID = ID - ID / NUM ; if ( ID > NUM ) then ID = ID - NUM ; else ID = ID + NUM ; if ( ID < NUM ) then ID = ID + NUM ; else ID = ID - NUM ; } 
 => { stmt stmt stmt stmt stmt stmt stmt if ( boolexpr ) then ID = multexpr - simpleexpr ; else ID = ID + ID / NUM ; if ( ID == ID ) then ID = ID - ID ; else ID = ID - ID / NUM ; if ( ID > NUM ) then ID = ID - NUM ; else ID = ID + NUM ; if ( ID < NUM ) then ID = ID + NUM ; else ID = ID - NUM ; } 
 => { stmt stmt stmt stmt stmt stmt stmt if ( boolexpr ) then ID = multexpr - ID ; else ID = ID + ID / NUM ; if ( ID == ID ) then ID = ID - ID ; else ID = ID - ID / NUM ; if ( ID > NUM ) then ID = ID - NUM ; else ID = ID + NUM ; if ( ID < NUM ) then ID = ID + NUM ; else ID = ID - NUM ; } 
 => { stmt stmt stmt stmt stmt stmt stmt if ( boolexpr ) then ID = simpleexpr multexprprime - ID ; else ID = ID + ID / NUM ; if ( ID == ID ) then ID = ID - ID ; else ID = ID - ID / NUM ; if ( ID > NUM ) then ID = ID - NUM ; else ID = ID + NUM ; if ( ID < NUM ) then ID = ID + NUM ; else ID = ID - NUM ; } 
 => { stmt stmt stmt stmt stmt stmt stmt if ( boolexpr ) then ID = simpleexpr - ID ; else ID = ID + ID / NUM ; if ( ID == ID ) then ID = ID - ID ; else ID = ID - ID / NUM ; if ( ID > NUM ) then ID = ID - NUM ; else ID = ID + NUM ; if ( ID < NUM ) then ID = ID + NUM ; else ID = ID - NUM ; } 
 => { stmt stmt stmt stmt stmt stmt stmt if ( boolexpr ) then ID = ID - ID ; else ID = ID + ID / NUM ; if ( ID == ID ) then ID = ID - ID ; else ID = ID - ID / NUM ; if ( ID > NUM ) then ID = ID - NUM ; else ID = ID + NUM ; if ( ID < NUM ) then ID = ID + NUM ; else ID = ID - NUM ; } 
 => { stmt stmt stmt stmt stmt stmt stmt if ( arithexpr boolop arithexpr ) then ID = ID - ID ; else ID = ID + ID / NUM ; if ( ID == ID ) then ID = ID - ID ; else ID = ID - ID / NUM ; if ( ID > NUM ) then ID = ID - NUM ; else ID = ID + NUM ; if ( ID < NUM ) then ID = ID + NUM ; else ID = ID - NUM ; } 
 => { stmt stmt stmt stmt stmt stmt stmt if ( arithexpr boolop multexpr arithexprprime ) then ID = ID - ID ; else ID = ID + ID / NUM ; if ( ID == ID ) then ID = ID - ID ; else ID = ID - ID / NUM ; if ( ID > NUM ) then ID = ID - NUM ; else ID = ID + NUM ; if ( ID < NUM ) then ID = ID + NUM ; else ID = ID - NUM ; } 
 => { stmt stmt stmt stmt stmt stmt stmt if ( arithexpr boolop multexpr ) then ID = ID - ID ; else ID = ID + ID / NUM ; if ( ID == ID ) then ID = ID - ID ; else ID = ID - ID / NUM ; if ( ID > NUM ) then ID = ID - NUM ; else ID = ID + NUM ; if ( ID < NUM ) then ID = ID + NUM ; else ID = ID - NUM ; } 
 => { stmt stmt stmt stmt stmt stmt stmt if ( arithexpr boolop simpleexpr multexprprime ) then ID = ID - ID ; else ID = ID + ID / NUM ; if ( ID == ID ) then ID = ID - ID ; else ID = ID - ID / NUM ; if ( ID > NUM ) then ID = ID - NUM ; else ID = ID + NUM ; if ( ID < NUM ) then ID = ID + NUM ; else ID = ID - NUM ; } 
 => { stmt stmt stmt stmt stmt stmt stmt if ( arithexpr boolop simpleexpr ) then ID = ID - ID ; else ID = ID + ID / NUM ; if ( ID == ID ) then ID = ID - ID ; else ID = ID - ID / NUM ; if ( ID > NUM ) then ID = ID - NUM ; else ID = ID + NUM ; if ( ID < NUM ) then ID = ID + NUM ; else ID = ID - NUM ; } 
 => { stmt stmt stmt stmt stmt stmt stmt if ( arithexpr boolop NUM ) then ID = ID - ID ; else ID = ID + ID / NUM ; if ( ID == ID ) then ID = ID - ID ; else ID = ID - ID / NUM ; if ( ID > NUM ) then ID = ID - NUM ; else ID = ID + NUM ; if ( ID < NUM ) then ID = ID + NUM ; else ID = ID - NUM ; } 
 => { stmt stmt stmt stmt stmt stmt stmt if ( arithexpr <= NUM ) then ID = ID - ID ; else ID = ID + ID / NUM ; if ( ID == ID ) then ID = ID - ID ; else ID = ID - ID / NUM ; if ( ID > NUM ) then ID = ID - NUM ; else ID = ID + NUM ; if ( ID < NUM ) then ID = ID + NUM ; else ID = ID - NUM ; } 
 => { stmt stmt stmt stmt stmt stmt stmt if ( multexpr arithexprprime <= NUM ) then ID = ID - ID ; else ID = ID + ID / NUM ; if ( ID == ID ) then ID = ID - ID ; else ID = ID - ID / NUM ; if ( ID > NUM ) then ID = ID - NUM ; else ID = ID + NUM ; if ( ID < NUM ) then ID = ID + NUM ; else ID = ID - NUM ; } 
 => { stmt stmt stmt stmt stmt stmt stmt if ( multexpr <= NUM ) then ID = ID - ID ; else ID = ID + ID / NUM ; if ( ID == ID ) then ID = ID - ID ; else ID = ID - ID / NUM ; if ( ID > NUM ) then ID = ID - NUM ; else ID = ID + NUM ; if ( ID < NUM ) then ID = ID + NUM ; else ID = ID - NUM ; } 
 => { stmt stmt stmt stmt stmt stmt stmt if ( simpleexpr multexprprime <= NUM ) then ID = ID - ID ; else ID = ID + ID / NUM ; if ( ID == ID ) then ID = ID - ID ; else ID = ID - ID / NUM ; if ( ID > NUM ) then ID = ID - NUM ; else ID = ID + NUM ; if ( ID < NUM ) then ID = ID + NUM ; else ID = ID - NUM ; } 
 => { stmt stmt stmt stmt stmt stmt stmt if ( simpleexpr <= NUM ) then ID = ID - ID ; else ID = ID + ID / NUM ; if ( ID == ID ) then ID = ID - ID ; else ID = ID - ID / NUM ; if ( ID > NUM ) then ID = ID - NUM ; else ID = ID + NUM ; if ( ID < NUM ) then ID = ID + NUM ; else ID = ID - NUM ; } 
 => { stmt stmt stmt stmt stmt stmt stmt if ( ID <= NUM ) then ID = ID - ID ; else ID = ID + ID / NUM ; if ( ID == ID ) then ID = ID - ID ; else ID = ID - ID / NUM ; if ( ID > NUM ) then ID = ID - NUM ; else ID = ID + NUM ; if ( ID < NUM ) then ID = ID + NUM ; else ID = ID - NUM ; } 
 => { stmt stmt stmt stmt stmt stmt ifstmt if ( ID <= NUM ) then ID = ID - ID ; else ID = ID + ID / NUM ; if ( ID == ID ) then ID = ID - ID ; else ID = ID - ID / NUM ; if ( ID > NUM ) then ID = ID - NUM ; else ID = ID + NUM ; if ( ID < NUM ) then ID = ID + NUM ; else ID = ID - NUM ; } 
 => { stmt stmt stmt stmt stmt stmt if ( boolexpr ) then stmt else stmt if ( ID <= NUM ) then ID = ID - ID ; else ID = ID + ID / NUM ; if ( ID == ID ) then ID = ID - ID ; else ID = ID - ID / NUM ; if ( ID > NUM ) then ID = ID - NUM ; else ID = ID + NUM ; if ( ID < NUM ) then ID = ID + NUM ; else ID = ID - NUM ; } 
 => { stmt stmt stmt stmt stmt stmt if ( boolexpr ) then stmt else compoundstmt if ( ID <= NUM ) then ID = ID - ID ; else ID = ID + ID / NUM ; if ( ID == ID ) then ID = ID - ID ; else ID = ID - ID / NUM ; if ( ID > NUM ) then ID = ID - NUM ; else ID = ID + NUM ; if ( ID < NUM ) then ID = ID + NUM ; else ID = ID - NUM ; } 
 => { stmt stmt stmt stmt stmt stmt if ( boolexpr ) then stmt else { stmts } if ( ID <= NUM ) then ID = ID - ID ; else ID = ID + ID / NUM ; if ( ID == ID ) then ID = ID - ID ; else ID = ID - ID / NUM ; if ( ID > NUM ) then ID = ID - NUM ; else ID = ID + NUM ; if ( ID < NUM ) then ID = ID + NUM ; else ID = ID - NUM ; } 
 => { stmt stmt stmt stmt stmt stmt if ( boolexpr ) then stmt else { stmt stmts } if ( ID <= NUM ) then ID = ID - ID ; else ID = ID + ID / NUM ; if ( ID == ID ) then ID = ID - ID ; else ID = ID - ID / NUM ; if ( ID > NUM ) then ID = ID - NUM ; else ID = ID + NUM ; if ( ID < NUM ) then ID = ID + NUM ; else ID = ID - NUM ; } 
 => { stmt stmt stmt stmt stmt stmt if ( boolexpr ) then stmt else { stmt stmt stmts } if ( ID <= NUM ) then ID = ID - ID ; else ID = ID + ID / NUM ; if ( ID == ID ) then ID = ID - ID ; else ID = ID - ID / NUM ; if ( ID > NUM ) then ID = ID - NUM ; else ID = ID + NUM ; if ( ID < NUM ) then ID = ID + NUM ; else ID = ID - NUM ; } 
 => { stmt stmt stmt stmt stmt stmt if ( boolexpr ) then stmt else { stmt stmt } if ( ID <= NUM ) then ID = ID - ID ; else ID = ID + ID / NUM ; if ( ID == ID ) then ID = ID - ID ; else ID = ID - ID / NUM ; if ( ID > NUM ) then ID = ID - NUM ; else ID = ID + NUM ; if ( ID < NUM ) then ID = ID + NUM ; else ID = ID - NUM ; } 
 => { stmt stmt stmt stmt stmt stmt if ( boolexpr ) then stmt else { stmt assgstmt } if ( ID <= NUM ) then ID = ID - ID ; else ID = ID + ID / NUM ; if ( ID == ID ) then ID = ID - ID ; else ID = ID - ID / NUM ; if ( ID > NUM ) then ID = ID - NUM ; else ID = ID + NUM ; if ( ID < NUM ) then ID = ID + NUM ; else ID = ID - NUM ; } 
 => { stmt stmt stmt stmt stmt stmt if ( boolexpr ) then stmt else { stmt ID = arithexpr ; } if ( ID <= NUM ) then ID = ID - ID ; else ID = ID + ID / NUM ; if ( ID == ID ) then ID = ID - ID ; else ID = ID - ID / NUM ; if ( ID > NUM ) then ID = ID - NUM ; else ID = ID + NUM ; if ( ID < NUM ) then ID = ID + NUM ; else ID = ID - NUM ; } 
 => { stmt stmt stmt stmt stmt stmt if ( boolexpr ) then stmt else { stmt ID = multexpr arithexprprime ; } if ( ID <= NUM ) then ID = ID - ID ; else ID = ID + ID / NUM ; if ( ID == ID ) then ID = ID - ID ; else ID = ID - ID / NUM ; if ( ID > NUM ) then ID = ID - NUM ; else ID = ID + NUM ; if ( ID < NUM ) then ID = ID + NUM ; else ID = ID - NUM ; } 
 => { stmt stmt stmt stmt stmt stmt if ( boolexpr ) then stmt else { stmt ID = multexpr + multexpr arithexprprime ; } if ( ID <= NUM ) then ID = ID - ID ; else ID = ID + ID / NUM ; if ( ID == ID ) then ID = ID - ID ; else ID = ID - ID / NUM ; if ( ID > NUM ) then ID = ID - NUM ; else ID = ID + NUM ; if ( ID < NUM ) then ID = ID + NUM ; else ID = ID - NUM ; } 
 => { stmt stmt stmt stmt stmt stmt if ( boolexpr ) then stmt else { stmt ID = multexpr + multexpr ; } if ( ID <= NUM ) then ID = ID - ID ; else ID = ID + ID / NUM ; if ( ID == ID ) then ID = ID - ID ; else ID = ID - ID / NUM ; if ( ID > NUM ) then ID = ID - NUM ; else ID = ID + NUM ; if ( ID < NUM ) then ID = ID + NUM ; else ID = ID - NUM ; } 
 => { stmt stmt stmt stmt stmt stmt if ( boolexpr ) then stmt else { stmt ID = multexpr + simpleexpr multexprprime ; } if ( ID <= NUM ) then ID = ID - ID ; else ID = ID + ID / NUM ; if ( ID == ID ) then ID = ID - ID ; else ID = ID - ID / NUM ; if ( ID > NUM ) then ID = ID - NUM ; else ID = ID + NUM ; if ( ID < NUM ) then ID = ID + NUM ; else ID = ID - NUM ; } 
 => { stmt stmt stmt stmt stmt stmt if ( boolexpr ) then stmt else { stmt ID = multexpr + simpleexpr ; } if ( ID <= NUM ) then ID = ID - ID ; else ID = ID + ID / NUM ; if ( ID == ID ) then ID = ID - ID ; else ID = ID - ID / NUM ; if ( ID > NUM ) then ID = ID - NUM ; else ID = ID + NUM ; if ( ID < NUM ) then ID = ID + NUM ; else ID = ID - NUM ; } 
 => { stmt stmt stmt stmt stmt stmt if ( boolexpr ) then stmt else { stmt ID = multexpr + ID ; } if ( ID <= NUM ) then ID = ID - ID ; else ID = ID + ID / NUM ; if ( ID == ID ) then ID = ID - ID ; else ID = ID - ID / NUM ; if ( ID > NUM ) then ID = ID - NUM ; else ID = ID + NUM ; if ( ID < NUM ) then ID = ID + NUM ; else ID = ID - NUM ; } 
 => { stmt stmt stmt stmt stmt stmt if ( boolexpr ) then stmt else { stmt ID = simpleexpr multexprprime + ID ; } if ( ID <= NUM ) then ID = ID - ID ; else ID = ID + ID / NUM ; if ( ID == ID ) then ID = ID - ID ; else ID = ID - ID / NUM ; if ( ID > NUM ) then ID = ID - NUM ; else ID = ID + NUM ; if ( ID < NUM ) then ID = ID + NUM ; else ID = ID - NUM ; } 
 => { stmt stmt stmt stmt stmt stmt if ( boolexpr ) then stmt else { stmt ID = simpleexpr + ID ; } if ( ID <= NUM ) then ID = ID - ID ; else ID = ID + ID / NUM ; if ( ID == ID ) then ID = ID - ID ; else ID = ID - ID / NUM ; if ( ID > NUM ) then ID = ID - NUM ; else ID = ID + NUM ; if ( ID < NUM ) then ID = ID + NUM ; else ID = ID - NUM ; } 
 => { stmt stmt stmt stmt stmt stmt if ( boolexpr ) then stmt else { stmt ID = ID + ID ; } if ( ID <= NUM ) then ID = ID - ID ; else ID = ID + ID / NUM ; if ( ID == ID ) then ID = ID - ID ; else ID = ID - ID / NUM ; if ( ID > NUM ) then ID = ID - NUM ; else ID = ID + NUM ; if ( ID < NUM ) then ID = ID + NUM ; else ID = ID - NUM ; } 
 => { stmt stmt stmt stmt stmt stmt if ( boolexpr ) then stmt else { assgstmt ID = ID + ID ; } if ( ID <= NUM ) then ID = ID - ID ; else ID = ID + ID / NUM ; if ( ID == ID ) then ID = ID - ID ; else ID = ID - ID / NUM ; if ( ID > NUM ) then ID = ID - NUM ; else ID = ID + NUM ; if ( ID < NUM ) then ID = ID + NUM ; else ID = ID - NUM ; } 
 => { stmt stmt stmt stmt stmt stmt if ( boolexpr ) then stmt else { ID = arithexpr ; ID = ID + ID ; } if ( ID <= NUM ) then ID = ID - ID ; else ID = ID + ID / NUM ; if ( ID == ID ) then ID = ID - ID ; else ID = ID - ID / NUM ; if ( ID > NUM ) then ID = ID - NUM ; else ID = ID + NUM ; if ( ID < NUM ) then ID = ID + NUM ; else ID = ID - NUM ; } 
 => { stmt stmt stmt stmt stmt stmt if ( boolexpr ) then stmt else { ID = multexpr arithexprprime ; ID = ID + ID ; } if ( ID <= NUM ) then ID = ID - ID ; else ID = ID + ID / NUM ; if ( ID == ID ) then ID = ID - ID ; else ID = ID - ID / NUM ; if ( ID > NUM ) then ID = ID - NUM ; else ID = ID + NUM ; if ( ID < NUM ) then ID = ID + NUM ; else ID = ID - NUM ; } 
 => { stmt stmt stmt stmt stmt stmt if ( boolexpr ) then stmt else { ID = multexpr ; ID = ID + ID ; } if ( ID <= NUM ) then ID = ID - ID ; else ID = ID + ID / NUM ; if ( ID == ID ) then ID = ID - ID ; else ID = ID - ID / NUM ; if ( ID > NUM ) then ID = ID - NUM ; else ID = ID + NUM ; if ( ID < NUM ) then ID = ID + NUM ; else ID = ID - NUM ; } 
 => { stmt stmt stmt stmt stmt stmt if ( boolexpr ) then stmt else { ID = simpleexpr multexprprime ; ID = ID + ID ; } if ( ID <= NUM ) then ID = ID - ID ; else ID = ID + ID / NUM ; if ( ID == ID ) then ID = ID - ID ; else ID = ID - ID / NUM ; if ( ID > NUM ) then ID = ID - NUM ; else ID = ID + NUM ; if ( ID < NUM ) then ID = ID + NUM ; else ID = ID - NUM ; } 
 => { stmt stmt stmt stmt stmt stmt if ( boolexpr ) then stmt else { ID = simpleexpr * simpleexpr multexprprime ; ID = ID + ID ; } if ( ID <= NUM ) then ID = ID - ID ; else ID = ID + ID / NUM ; if ( ID == ID ) then ID = ID - ID ; else ID = ID - ID / NUM ; if ( ID > NUM ) then ID = ID - NUM ; else ID = ID + NUM ; if ( ID < NUM ) then ID = ID + NUM ; else ID = ID - NUM ; } 
 => { stmt stmt stmt stmt stmt stmt if ( boolexpr ) then stmt else { ID = simpleexpr * simpleexpr ; ID = ID + ID ; } if ( ID <= NUM ) then ID = ID - ID ; else ID = ID + ID / NUM ; if ( ID == ID ) then ID = ID - ID ; else ID = ID - ID / NUM ; if ( ID > NUM ) then ID = ID - NUM ; else ID = ID + NUM ; if ( ID < NUM ) then ID = ID + NUM ; else ID = ID - NUM ; } 
 => { stmt stmt stmt stmt stmt stmt if ( boolexpr ) then stmt else { ID = simpleexpr * ( arithexpr ) ; ID = ID + ID ; } if ( ID <= NUM ) then ID = ID - ID ; else ID = ID + ID / NUM ; if ( ID == ID ) then ID = ID - ID ; else ID = ID - ID / NUM ; if ( ID > NUM ) then ID = ID - NUM ; else ID = ID + NUM ; if ( ID < NUM ) then ID = ID + NUM ; else ID = ID - NUM ; } 
 => { stmt stmt stmt stmt stmt stmt if ( boolexpr ) then stmt else { ID = simpleexpr * ( multexpr arithexprprime ) ; ID = ID + ID ; } if ( ID <= NUM ) then ID = ID - ID ; else ID = ID + ID / NUM ; if ( ID == ID ) then ID = ID - ID ; else ID = ID - ID / NUM ; if ( ID > NUM ) then ID = ID - NUM ; else ID = ID + NUM ; if ( ID < NUM ) then ID = ID + NUM ; else ID = ID - NUM ; } 
 => { stmt stmt stmt stmt stmt stmt if ( boolexpr ) then stmt else { ID = simpleexpr * ( multexpr + multexpr arithexprprime ) ; ID = ID + ID ; } if ( ID <= NUM ) then ID = ID - ID ; else ID = ID + ID / NUM ; if ( ID == ID ) then ID = ID - ID ; else ID = ID - ID / NUM ; if ( ID > NUM ) then ID = ID - NUM ; else ID = ID + NUM ; if ( ID < NUM ) then ID = ID + NUM ; else ID = ID - NUM ; } 
 => { stmt stmt stmt stmt stmt stmt if ( boolexpr ) then stmt else { ID = simpleexpr * ( multexpr + multexpr ) ; ID = ID + ID ; } if ( ID <= NUM ) then ID = ID - ID ; else ID = ID + ID / NUM ; if ( ID == ID ) then ID = ID - ID ; else ID = ID - ID / NUM ; if ( ID > NUM ) then ID = ID - NUM ; else ID = ID + NUM ; if ( ID < NUM ) then ID = ID + NUM ; else ID = ID - NUM ; } 
 => { stmt stmt stmt stmt stmt stmt if ( boolexpr ) then stmt else { ID = simpleexpr * ( multexpr + simpleexpr multexprprime ) ; ID = ID + ID ; } if ( ID <= NUM ) then ID = ID - ID ; else ID = ID + ID / NUM ; if ( ID == ID ) then ID = ID - ID ; else ID = ID - ID / NUM ; if ( ID > NUM ) then ID = ID - NUM ; else ID = ID + NUM ; if ( ID < NUM ) then ID = ID + NUM ; else ID = ID - NUM ; } 
 => { stmt stmt stmt stmt stmt stmt if ( boolexpr ) then stmt else { ID = simpleexpr * ( multexpr + simpleexpr ) ; ID = ID + ID ; } if ( ID <= NUM ) then ID = ID - ID ; else ID = ID + ID / NUM ; if ( ID == ID ) then ID = ID - ID ; else ID = ID - ID / NUM ; if ( ID > NUM ) then ID = ID - NUM ; else ID = ID + NUM ; if ( ID < NUM ) then ID = ID + NUM ; else ID = ID - NUM ; } 
 => { stmt stmt stmt stmt stmt stmt if ( boolexpr ) then stmt else { ID = simpleexpr * ( multexpr + NUM ) ; ID = ID + ID ; } if ( ID <= NUM ) then ID = ID - ID ; else ID = ID + ID / NUM ; if ( ID == ID ) then ID = ID - ID ; else ID = ID - ID / NUM ; if ( ID > NUM ) then ID = ID - NUM ; else ID = ID + NUM ; if ( ID < NUM ) then ID = ID + NUM ; else ID = ID - NUM ; } 
 => { stmt stmt stmt stmt stmt stmt if ( boolexpr ) then stmt else { ID = simpleexpr * ( simpleexpr multexprprime + NUM ) ; ID = ID + ID ; } if ( ID <= NUM ) then ID = ID - ID ; else ID = ID + ID / NUM ; if ( ID == ID ) then ID = ID - ID ; else ID = ID - ID / NUM ; if ( ID > NUM ) then ID = ID - NUM ; else ID = ID + NUM ; if ( ID < NUM ) then ID = ID + NUM ; else ID = ID - NUM ; } 
 => { stmt stmt stmt stmt stmt stmt if ( boolexpr ) then stmt else { ID = simpleexpr * ( simpleexpr + NUM ) ; ID = ID + ID ; } if ( ID <= NUM ) then ID = ID - ID ; else ID = ID + ID / NUM ; if ( ID == ID ) then ID = ID - ID ; else ID = ID - ID / NUM ; if ( ID > NUM ) then ID = ID - NUM ; else ID = ID + NUM ; if ( ID < NUM ) then ID = ID + NUM ; else ID = ID - NUM ; } 
 => { stmt stmt stmt stmt stmt stmt if ( boolexpr ) then stmt else { ID = simpleexpr * ( ID + NUM ) ; ID = ID + ID ; } if ( ID <= NUM ) then ID = ID - ID ; else ID = ID + ID / NUM ; if ( ID == ID ) then ID = ID - ID ; else ID = ID - ID / NUM ; if ( ID > NUM ) then ID = ID - NUM ; else ID = ID + NUM ; if ( ID < NUM ) then ID = ID + NUM ; else ID = ID - NUM ; } 
 => { stmt stmt stmt stmt stmt stmt if ( boolexpr ) then stmt else { ID = ID * ( ID + NUM ) ; ID = ID + ID ; } if ( ID <= NUM ) then ID = ID - ID ; else ID = ID + ID / NUM ; if ( ID == ID ) then ID = ID - ID ; else ID = ID - ID / NUM ; if ( ID > NUM ) then ID = ID - NUM ; else ID = ID + NUM ; if ( ID < NUM ) then ID = ID + NUM ; else ID = ID - NUM ; } 
 => { stmt stmt stmt stmt stmt stmt if ( boolexpr ) then assgstmt else { ID = ID * ( ID + NUM ) ; ID = ID + ID ; } if ( ID <= NUM ) then ID = ID - ID ; else ID = ID + ID / NUM ; if ( ID == ID ) then ID = ID - ID ; else ID = ID - ID / NUM ; if ( ID > NUM ) then ID = ID - NUM ; else ID = ID + NUM ; if ( ID < NUM ) then ID = ID + NUM ; else ID = ID - NUM ; } 
 => { stmt stmt stmt stmt stmt stmt if ( boolexpr ) then ID = arithexpr ; else { ID = ID * ( ID + NUM ) ; ID = ID + ID ; } if ( ID <= NUM ) then ID = ID - ID ; else ID = ID + ID / NUM ; if ( ID == ID ) then ID = ID - ID ; else ID = ID - ID / NUM ; if ( ID > NUM ) then ID = ID - NUM ; else ID = ID + NUM ; if ( ID < NUM ) then ID = ID + NUM ; else ID = ID - NUM ; } 
 => { stmt stmt stmt stmt stmt stmt if ( boolexpr ) then ID = multexpr arithexprprime ; else { ID = ID * ( ID + NUM ) ; ID = ID + ID ; } if ( ID <= NUM ) then ID = ID - ID ; else ID = ID + ID / NUM ; if ( ID == ID ) then ID = ID - ID ; else ID = ID - ID / NUM ; if ( ID > NUM ) then ID = ID - NUM ; else ID = ID + NUM ; if ( ID < NUM ) then ID = ID + NUM ; else ID = ID - NUM ; } 
 => { stmt stmt stmt stmt stmt stmt if ( boolexpr ) then ID = multexpr + multexpr arithexprprime ; else { ID = ID * ( ID + NUM ) ; ID = ID + ID ; } if ( ID <= NUM ) then ID = ID - ID ; else ID = ID + ID / NUM ; if ( ID == ID ) then ID = ID - ID ; else ID = ID - ID / NUM ; if ( ID > NUM ) then ID = ID - NUM ; else ID = ID + NUM ; if ( ID < NUM ) then ID = ID + NUM ; else ID = ID - NUM ; } 
 => { stmt stmt stmt stmt stmt stmt if ( boolexpr ) then ID = multexpr + multexpr ; else { ID = ID * ( ID + NUM ) ; ID = ID + ID ; } if ( ID <= NUM ) then ID = ID - ID ; else ID = ID + ID / NUM ; if ( ID == ID ) then ID = ID - ID ; else ID = ID - ID / NUM ; if ( ID > NUM ) then ID = ID - NUM ; else ID = ID + NUM ; if ( ID < NUM ) then ID = ID + NUM ; else ID = ID - NUM ; } 
 => { stmt stmt stmt stmt stmt stmt if ( boolexpr ) then ID = multexpr + simpleexpr multexprprime ; else { ID = ID * ( ID + NUM ) ; ID = ID + ID ; } if ( ID <= NUM ) then ID = ID - ID ; else ID = ID + ID / NUM ; if ( ID == ID ) then ID = ID - ID ; else ID = ID - ID / NUM ; if ( ID > NUM ) then ID = ID - NUM ; else ID = ID + NUM ; if ( ID < NUM ) then ID = ID + NUM ; else ID = ID - NUM ; } 
 => { stmt stmt stmt stmt stmt stmt if ( boolexpr ) then ID = multexpr + simpleexpr ; else { ID = ID * ( ID + NUM ) ; ID = ID + ID ; } if ( ID <= NUM ) then ID = ID - ID ; else ID = ID + ID / NUM ; if ( ID == ID ) then ID = ID - ID ; else ID = ID - ID / NUM ; if ( ID > NUM ) then ID = ID - NUM ; else ID = ID + NUM ; if ( ID < NUM ) then ID = ID + NUM ; else ID = ID - NUM ; } 
 => { stmt stmt stmt stmt stmt stmt if ( boolexpr ) then ID = multexpr + ID ; else { ID = ID * ( ID + NUM ) ; ID = ID + ID ; } if ( ID <= NUM ) then ID = ID - ID ; else ID = ID + ID / NUM ; if ( ID == ID ) then ID = ID - ID ; else ID = ID - ID / NUM ; if ( ID > NUM ) then ID = ID - NUM ; else ID = ID + NUM ; if ( ID < NUM ) then ID = ID + NUM ; else ID = ID - NUM ; } 
 => { stmt stmt stmt stmt stmt stmt if ( boolexpr ) then ID = simpleexpr multexprprime + ID ; else { ID = ID * ( ID + NUM ) ; ID = ID + ID ; } if ( ID <= NUM ) then ID = ID - ID ; else ID = ID + ID / NUM ; if ( ID == ID ) then ID = ID - ID ; else ID = ID - ID / NUM ; if ( ID > NUM ) then ID = ID - NUM ; else ID = ID + NUM ; if ( ID < NUM ) then ID = ID + NUM ; else ID = ID - NUM ; } 
 => { stmt stmt stmt stmt stmt stmt if ( boolexpr ) then ID = simpleexpr + ID ; else { ID = ID * ( ID + NUM ) ; ID = ID + ID ; } if ( ID <= NUM ) then ID = ID - ID ; else ID = ID + ID / NUM ; if ( ID == ID ) then ID = ID - ID ; else ID = ID - ID / NUM ; if ( ID > NUM ) then ID = ID - NUM ; else ID = ID + NUM ; if ( ID < NUM ) then ID = ID + NUM ; else ID = ID - NUM ; } 
 => { stmt stmt stmt stmt stmt stmt if ( boolexpr ) then ID = ID + ID ; else { ID = ID * ( ID + NUM ) ; ID = ID + ID ; } if ( ID <= NUM ) then ID = ID - ID ; else ID = ID + ID / NUM ; if ( ID == ID ) then ID = ID - ID ; else ID = ID - ID / NUM ; if ( ID > NUM ) then ID = ID - NUM ; else ID = ID + NUM ; if ( ID < NUM ) then ID = ID + NUM ; else ID = ID - NUM ; } 
 => { stmt stmt stmt stmt stmt stmt if ( arithexpr boolop arithexpr ) then ID = ID + ID ; else { ID = ID * ( ID + NUM ) ; ID = ID + ID ; } if ( ID <= NUM ) then ID = ID - ID ; else ID = ID + ID / NUM ; if ( ID == ID ) then ID = ID - ID ; else ID = ID - ID / NUM ; if ( ID > NUM ) then ID = ID - NUM ; else ID = ID + NUM ; if ( ID < NUM ) then ID = ID + NUM ; else ID = ID - NUM ; } 
 => { stmt stmt stmt stmt stmt stmt if ( arithexpr boolop multexpr arithexprprime ) then ID = ID + ID ; else { ID = ID * ( ID + NUM ) ; ID = ID + ID ; } if ( ID <= NUM ) then ID = ID - ID ; else ID = ID + ID / NUM ; if ( ID == ID ) then ID = ID - ID ; else ID = ID - ID / NUM ; if ( ID > NUM ) then ID = ID - NUM ; else ID = ID + NUM ; if ( ID < NUM ) then ID = ID + NUM ; else ID = ID - NUM ; } 
 => { stmt stmt stmt stmt stmt stmt if ( arithexpr boolop multexpr ) then ID = ID + ID ; else { ID = ID * ( ID + NUM ) ; ID = ID + ID ; } if ( ID <= NUM ) then ID = ID - ID ; else ID = ID + ID / NUM ; if ( ID == ID ) then ID = ID - ID ; else ID = ID - ID / NUM ; if ( ID > NUM ) then ID = ID - NUM ; else ID = ID + NUM ; if ( ID < NUM ) then ID = ID + NUM ; else ID = ID - NUM ; } 
 => { stmt stmt stmt stmt stmt stmt if ( arithexpr boolop simpleexpr multexprprime ) then ID = ID + ID ; else { ID = ID * ( ID + NUM ) ; ID = ID + ID ; } if ( ID <= NUM ) then ID = ID - ID ; else ID = ID + ID / NUM ; if ( ID == ID ) then ID = ID - ID ; else ID = ID - ID / NUM ; if ( ID > NUM ) then ID = ID - NUM ; else ID = ID + NUM ; if ( ID < NUM ) then ID = ID + NUM ; else ID = ID - NUM ; } 
 => { stmt stmt stmt stmt stmt stmt if ( arithexpr boolop simpleexpr ) then ID = ID + ID ; else { ID = ID * ( ID + NUM ) ; ID = ID + ID ; } if ( ID <= NUM ) then ID = ID - ID ; else ID = ID + ID / NUM ; if ( ID == ID ) then ID = ID - ID ; else ID = ID - ID / NUM ; if ( ID > NUM ) then ID = ID - NUM ; else ID = ID + NUM ; if ( ID < NUM ) then ID = ID + NUM ; else ID = ID - NUM ; } 
 => { stmt stmt stmt stmt stmt stmt if ( arithexpr boolop NUM ) then ID = ID + ID ; else { ID = ID * ( ID + NUM ) ; ID = ID + ID ; } if ( ID <= NUM ) then ID = ID - ID ; else ID = ID + ID / NUM ; if ( ID == ID ) then ID = ID - ID ; else ID = ID - ID / NUM ; if ( ID > NUM ) then ID = ID - NUM ; else ID = ID + NUM ; if ( ID < NUM ) then ID = ID + NUM ; else ID = ID - NUM ; } 
 => { stmt stmt stmt stmt stmt stmt if ( arithexpr >= NUM ) then ID = ID + ID ; else { ID = ID * ( ID + NUM ) ; ID = ID + ID ; } if ( ID <= NUM ) then ID = ID - ID ; else ID = ID + ID / NUM ; if ( ID == ID ) then ID = ID - ID ; else ID = ID - ID / NUM ; if ( ID > NUM ) then ID = ID - NUM ; else ID = ID + NUM ; if ( ID < NUM ) then ID = ID + NUM ; else ID = ID - NUM ; } 
 => { stmt stmt stmt stmt stmt stmt if ( multexpr arithexprprime >= NUM ) then ID = ID + ID ; else { ID = ID * ( ID + NUM ) ; ID = ID + ID ; } if ( ID <= NUM ) then ID = ID - ID ; else ID = ID + ID / NUM ; if ( ID == ID ) then ID = ID - ID ; else ID = ID - ID / NUM ; if ( ID > NUM ) then ID = ID - NUM ; else ID = ID + NUM ; if ( ID < NUM ) then ID = ID + NUM ; else ID = ID - NUM ; } 
 => { stmt stmt stmt stmt stmt stmt if ( multexpr >= NUM ) then ID = ID + ID ; else { ID = ID * ( ID + NUM ) ; ID = ID + ID ; } if ( ID <= NUM ) then ID = ID - ID ; else ID = ID + ID / NUM ; if ( ID == ID ) then ID = ID - ID ; else ID = ID - ID / NUM ; if ( ID > NUM ) then ID = ID - NUM ; else ID = ID + NUM ; if ( ID < NUM ) then ID = ID + NUM ; else ID = ID - NUM ; } 
 => { stmt stmt stmt stmt stmt stmt if ( simpleexpr multexprprime >= NUM ) then ID = ID + ID ; else { ID = ID * ( ID + NUM ) ; ID = ID + ID ; } if ( ID <= NUM ) then ID = ID - ID ; else ID = ID + ID / NUM ; if ( ID == ID ) then ID = ID - ID ; else ID = ID - ID / NUM ; if ( ID > NUM ) then ID = ID - NUM ; else ID = ID + NUM ; if ( ID < NUM ) then ID = ID + NUM ; else ID = ID - NUM ; } 
 => { stmt stmt stmt stmt stmt stmt if ( simpleexpr >= NUM ) then ID = ID + ID ; else { ID = ID * ( ID + NUM ) ; ID = ID + ID ; } if ( ID <= NUM ) then ID = ID - ID ; else ID = ID + ID / NUM ; if ( ID == ID ) then ID = ID - ID ; else ID = ID - ID / NUM ; if ( ID > NUM ) then ID = ID - NUM ; else ID = ID + NUM ; if ( ID < NUM ) then ID = ID + NUM ; else ID = ID - NUM ; } 
 => { stmt stmt stmt stmt stmt stmt if ( ID >= NUM ) then ID = ID + ID ; else { ID = ID * ( ID + NUM ) ; ID = ID + ID ; } if ( ID <= NUM ) then ID = ID - ID ; else ID = ID + ID / NUM ; if ( ID == ID ) then ID = ID - ID ; else ID = ID - ID / NUM ; if ( ID > NUM ) then ID = ID - NUM ; else ID = ID + NUM ; if ( ID < NUM ) then ID = ID + NUM ; else ID = ID - NUM ; } 
 => { stmt stmt stmt stmt stmt whilestmt if ( ID >= NUM ) then ID = ID + ID ; else { ID = ID * ( ID + NUM ) ; ID = ID + ID ; } if ( ID <= NUM ) then ID = ID - ID ; else ID = ID + ID / NUM ; if ( ID == ID ) then ID = ID - ID ; else ID = ID - ID / NUM ; if ( ID > NUM ) then ID = ID - NUM ; else ID = ID + NUM ; if ( ID < NUM ) then ID = ID + NUM ; else ID = ID - NUM ; } 
 => { stmt stmt stmt stmt stmt while ( boolexpr ) stmt if ( ID >= NUM ) then ID = ID + ID ; else { ID = ID * ( ID + NUM ) ; ID = ID + ID ; } if ( ID <= NUM ) then ID = ID - ID ; else ID = ID + ID / NUM ; if ( ID == ID ) then ID = ID - ID ; else ID = ID - ID / NUM ; if ( ID > NUM ) then ID = ID - NUM ; else ID = ID + NUM ; if ( ID < NUM ) then ID = ID + NUM ; else ID = ID - NUM ; } 
 => { stmt stmt stmt stmt stmt while ( boolexpr ) compoundstmt if ( ID >= NUM ) then ID = ID + ID ; else { ID = ID * ( ID + NUM ) ; ID = ID + ID ; } if ( ID <= NUM ) then ID = ID - ID ; else ID = ID + ID / NUM ; if ( ID == ID ) then ID = ID - ID ; else ID = ID - ID / NUM ; if ( ID > NUM ) then ID = ID - NUM ; else ID = ID + NUM ; if ( ID < NUM ) then ID = ID + NUM ; else ID = ID - NUM ; } 
 => { stmt stmt stmt stmt stmt while ( boolexpr ) { stmts } if ( ID >= NUM ) then ID = ID + ID ; else { ID = ID * ( ID + NUM ) ; ID = ID + ID ; } if ( ID <= NUM ) then ID = ID - ID ; else ID = ID + ID / NUM ; if ( ID == ID ) then ID = ID - ID ; else ID = ID - ID / NUM ; if ( ID > NUM ) then ID = ID - NUM ; else ID = ID + NUM ; if ( ID < NUM ) then ID = ID + NUM ; else ID = ID - NUM ; } 
 => { stmt stmt stmt stmt stmt while ( boolexpr ) { stmt stmts } if ( ID >= NUM ) then ID = ID + ID ; else { ID = ID * ( ID + NUM ) ; ID = ID + ID ; } if ( ID <= NUM ) then ID = ID - ID ; else ID = ID + ID / NUM ; if ( ID == ID ) then ID = ID - ID ; else ID = ID - ID / NUM ; if ( ID > NUM ) then ID = ID - NUM ; else ID = ID + NUM ; if ( ID < NUM ) then ID = ID + NUM ; else ID = ID - NUM ; } 
 => { stmt stmt stmt stmt stmt while ( boolexpr ) { stmt stmt stmts } if ( ID >= NUM ) then ID = ID + ID ; else { ID = ID * ( ID + NUM ) ; ID = ID + ID ; } if ( ID <= NUM ) then ID = ID - ID ; else ID = ID + ID / NUM ; if ( ID == ID ) then ID = ID - ID ; else ID = ID - ID / NUM ; if ( ID > NUM ) then ID = ID - NUM ; else ID = ID + NUM ; if ( ID < NUM ) then ID = ID + NUM ; else ID = ID - NUM ; } 
 => { stmt stmt stmt stmt stmt while ( boolexpr ) { stmt stmt } if ( ID >= NUM ) then ID = ID + ID ; else { ID = ID * ( ID + NUM ) ; ID = ID + ID ; } if ( ID <= NUM ) then ID = ID - ID ; else ID = ID + ID / NUM ; if ( ID == ID ) then ID = ID - ID ; else ID = ID - ID / NUM ; if ( ID > NUM ) then ID = ID - NUM ; else ID = ID + NUM ; if ( ID < NUM ) then ID = ID + NUM ; else ID = ID - NUM ; } 
 => { stmt stmt stmt stmt stmt while ( boolexpr ) { stmt assgstmt } if ( ID >= NUM ) then ID = ID + ID ; else { ID = ID * ( ID + NUM ) ; ID = ID + ID ; } if ( ID <= NUM ) then ID = ID - ID ; else ID = ID + ID / NUM ; if ( ID == ID ) then ID = ID - ID ; else ID = ID - ID / NUM ; if ( ID > NUM ) then ID = ID - NUM ; else ID = ID + NUM ; if ( ID < NUM ) then ID = ID + NUM ; else ID = ID - NUM ; } 
 => { stmt stmt stmt stmt stmt while ( boolexpr ) { stmt ID = arithexpr ; } if ( ID >= NUM ) then ID = ID + ID ; else { ID = ID * ( ID + NUM ) ; ID = ID + ID ; } if ( ID <= NUM ) then ID = ID - ID ; else ID = ID + ID / NUM ; if ( ID == ID ) then ID = ID - ID ; else ID = ID - ID / NUM ; if ( ID > NUM ) then ID = ID - NUM ; else ID = ID + NUM ; if ( ID < NUM ) then ID = ID + NUM ; else ID = ID - NUM ; } 
 => { stmt stmt stmt stmt stmt while ( boolexpr ) { stmt ID = multexpr arithexprprime ; } if ( ID >= NUM ) then ID = ID + ID ; else { ID = ID * ( ID + NUM ) ; ID = ID + ID ; } if ( ID <= NUM ) then ID = ID - ID ; else ID = ID + ID / NUM ; if ( ID == ID ) then ID = ID - ID ; else ID = ID - ID / NUM ; if ( ID > NUM ) then ID = ID - NUM ; else ID = ID + NUM ; if ( ID < NUM ) then ID = ID + NUM ; else ID = ID - NUM ; } 
 => { stmt stmt stmt stmt stmt while ( boolexpr ) { stmt ID = multexpr - multexpr arithexprprime ; } if ( ID >= NUM ) then ID = ID + ID ; else { ID = ID * ( ID + NUM ) ; ID = ID + ID ; } if ( ID <= NUM ) then ID = ID - ID ; else ID = ID + ID / NUM ; if ( ID == ID ) then ID = ID - ID ; else ID = ID - ID / NUM ; if ( ID > NUM ) then ID = ID - NUM ; else ID = ID + NUM ; if ( ID < NUM ) then ID = ID + NUM ; else ID = ID - NUM ; } 
 => { stmt stmt stmt stmt stmt while ( boolexpr ) { stmt ID = multexpr - multexpr ; } if ( ID >= NUM ) then ID = ID + ID ; else { ID = ID * ( ID + NUM ) ; ID = ID + ID ; } if ( ID <= NUM ) then ID = ID - ID ; else ID = ID + ID / NUM ; if ( ID == ID ) then ID = ID - ID ; else ID = ID - ID / NUM ; if ( ID > NUM ) then ID = ID - NUM ; else ID = ID + NUM ; if ( ID < NUM ) then ID = ID + NUM ; else ID = ID - NUM ; } 
 => { stmt stmt stmt stmt stmt while ( boolexpr ) { stmt ID = multexpr - simpleexpr multexprprime ; } if ( ID >= NUM ) then ID = ID + ID ; else { ID = ID * ( ID + NUM ) ; ID = ID + ID ; } if ( ID <= NUM ) then ID = ID - ID ; else ID = ID + ID / NUM ; if ( ID == ID ) then ID = ID - ID ; else ID = ID - ID / NUM ; if ( ID > NUM ) then ID = ID - NUM ; else ID = ID + NUM ; if ( ID < NUM ) then ID = ID + NUM ; else ID = ID - NUM ; } 
 => { stmt stmt stmt stmt stmt while ( boolexpr ) { stmt ID = multexpr - simpleexpr ; } if ( ID >= NUM ) then ID = ID + ID ; else { ID = ID * ( ID + NUM ) ; ID = ID + ID ; } if ( ID <= NUM ) then ID = ID - ID ; else ID = ID + ID / NUM ; if ( ID == ID ) then ID = ID - ID ; else ID = ID - ID / NUM ; if ( ID > NUM ) then ID = ID - NUM ; else ID = ID + NUM ; if ( ID < NUM ) then ID = ID + NUM ; else ID = ID - NUM ; } 
 => { stmt stmt stmt stmt stmt while ( boolexpr ) { stmt ID = multexpr - NUM ; } if ( ID >= NUM ) then ID = ID + ID ; else { ID = ID * ( ID + NUM ) ; ID = ID + ID ; } if ( ID <= NUM ) then ID = ID - ID ; else ID = ID + ID / NUM ; if ( ID == ID ) then ID = ID - ID ; else ID = ID - ID / NUM ; if ( ID > NUM ) then ID = ID - NUM ; else ID = ID + NUM ; if ( ID < NUM ) then ID = ID + NUM ; else ID = ID - NUM ; } 
 => { stmt stmt stmt stmt stmt while ( boolexpr ) { stmt ID = simpleexpr multexprprime - NUM ; } if ( ID >= NUM ) then ID = ID + ID ; else { ID = ID * ( ID + NUM ) ; ID = ID + ID ; } if ( ID <= NUM ) then ID = ID - ID ; else ID = ID + ID / NUM ; if ( ID == ID ) then ID = ID - ID ; else ID = ID - ID / NUM ; if ( ID > NUM ) then ID = ID - NUM ; else ID = ID + NUM ; if ( ID < NUM ) then ID = ID + NUM ; else ID = ID - NUM ; } 
 => { stmt stmt stmt stmt stmt while ( boolexpr ) { stmt ID = simpleexpr - NUM ; } if ( ID >= NUM ) then ID = ID + ID ; else { ID = ID * ( ID + NUM ) ; ID = ID + ID ; } if ( ID <= NUM ) then ID = ID - ID ; else ID = ID + ID / NUM ; if ( ID == ID ) then ID = ID - ID ; else ID = ID - ID / NUM ; if ( ID > NUM ) then ID = ID - NUM ; else ID = ID + NUM ; if ( ID < NUM ) then ID = ID + NUM ; else ID = ID - NUM ; } 
 => { stmt stmt stmt stmt stmt while ( boolexpr ) { stmt ID = ID - NUM ; } if ( ID >= NUM ) then ID = ID + ID ; else { ID = ID * ( ID + NUM ) ; ID = ID + ID ; } if ( ID <= NUM ) then ID = ID - ID ; else ID = ID + ID / NUM ; if ( ID == ID ) then ID = ID - ID ; else ID = ID - ID / NUM ; if ( ID > NUM ) then ID = ID - NUM ; else ID = ID + NUM ; if ( ID < NUM ) then ID = ID + NUM ; else ID = ID - NUM ; } 
 => { stmt stmt stmt stmt stmt while ( boolexpr ) { assgstmt ID = ID - NUM ; } if ( ID >= NUM ) then ID = ID + ID ; else { ID = ID * ( ID + NUM ) ; ID = ID + ID ; } if ( ID <= NUM ) then ID = ID - ID ; else ID = ID + ID / NUM ; if ( ID == ID ) then ID = ID - ID ; else ID = ID - ID / NUM ; if ( ID > NUM ) then ID = ID - NUM ; else ID = ID + NUM ; if ( ID < NUM ) then ID = ID + NUM ; else ID = ID - NUM ; } 
 => { stmt stmt stmt stmt stmt while ( boolexpr ) { ID = arithexpr ; ID = ID - NUM ; } if ( ID >= NUM ) then ID = ID + ID ; else { ID = ID * ( ID + NUM ) ; ID = ID + ID ; } if ( ID <= NUM ) then ID = ID - ID ; else ID = ID + ID / NUM ; if ( ID == ID ) then ID = ID - ID ; else ID = ID - ID / NUM ; if ( ID > NUM ) then ID = ID - NUM ; else ID = ID + NUM ; if ( ID < NUM ) then ID = ID + NUM ; else ID = ID - NUM ; } 
 => { stmt stmt stmt stmt stmt while ( boolexpr ) { ID = multexpr arithexprprime ; ID = ID - NUM ; } if ( ID >= NUM ) then ID = ID + ID ; else { ID = ID * ( ID + NUM ) ; ID = ID + ID ; } if ( ID <= NUM ) then ID = ID - ID ; else ID = ID + ID / NUM ; if ( ID == ID ) then ID = ID - ID ; else ID = ID - ID / NUM ; if ( ID > NUM ) then ID = ID - NUM ; else ID = ID + NUM ; if ( ID < NUM ) then ID = ID + NUM ; else ID = ID - NUM ; } 
 => { stmt stmt stmt stmt stmt while ( boolexpr ) { ID = multexpr + multexpr arithexprprime ; ID = ID - NUM ; } if ( ID >= NUM ) then ID = ID + ID ; else { ID = ID * ( ID + NUM ) ; ID = ID + ID ; } if ( ID <= NUM ) then ID = ID - ID ; else ID = ID + ID / NUM ; if ( ID == ID ) then ID = ID - ID ; else ID = ID - ID / NUM ; if ( ID > NUM ) then ID = ID - NUM ; else ID = ID + NUM ; if ( ID < NUM ) then ID = ID + NUM ; else ID = ID - NUM ; } 
 => { stmt stmt stmt stmt stmt while ( boolexpr ) { ID = multexpr + multexpr ; ID = ID - NUM ; } if ( ID >= NUM ) then ID = ID + ID ; else { ID = ID * ( ID + NUM ) ; ID = ID + ID ; } if ( ID <= NUM ) then ID = ID - ID ; else ID = ID + ID / NUM ; if ( ID == ID ) then ID = ID - ID ; else ID = ID - ID / NUM ; if ( ID > NUM ) then ID = ID - NUM ; else ID = ID + NUM ; if ( ID < NUM ) then ID = ID + NUM ; else ID = ID - NUM ; } 
 => { stmt stmt stmt stmt stmt while ( boolexpr ) { ID = multexpr + simpleexpr multexprprime ; ID = ID - NUM ; } if ( ID >= NUM ) then ID = ID + ID ; else { ID = ID * ( ID + NUM ) ; ID = ID + ID ; } if ( ID <= NUM ) then ID = ID - ID ; else ID = ID + ID / NUM ; if ( ID == ID ) then ID = ID - ID ; else ID = ID - ID / NUM ; if ( ID > NUM ) then ID = ID - NUM ; else ID = ID + NUM ; if ( ID < NUM ) then ID = ID + NUM ; else ID = ID - NUM ; } 
 => { stmt stmt stmt stmt stmt while ( boolexpr ) { ID = multexpr + simpleexpr ; ID = ID - NUM ; } if ( ID >= NUM ) then ID = ID + ID ; else { ID = ID * ( ID + NUM ) ; ID = ID + ID ; } if ( ID <= NUM ) then ID = ID - ID ; else ID = ID + ID / NUM ; if ( ID == ID ) then ID = ID - ID ; else ID = ID - ID / NUM ; if ( ID > NUM ) then ID = ID - NUM ; else ID = ID + NUM ; if ( ID < NUM ) then ID = ID + NUM ; else ID = ID - NUM ; } 
 => { stmt stmt stmt stmt stmt while ( boolexpr ) { ID = multexpr + NUM ; ID = ID - NUM ; } if ( ID >= NUM ) then ID = ID + ID ; else { ID = ID * ( ID + NUM ) ; ID = ID + ID ; } if ( ID <= NUM ) then ID = ID - ID ; else ID = ID + ID / NUM ; if ( ID == ID ) then ID = ID - ID ; else ID = ID - ID / NUM ; if ( ID > NUM ) then ID = ID - NUM ; else ID = ID + NUM ; if ( ID < NUM ) then ID = ID + NUM ; else ID = ID - NUM ; } 
 => { stmt stmt stmt stmt stmt while ( boolexpr ) { ID = simpleexpr multexprprime + NUM ; ID = ID - NUM ; } if ( ID >= NUM ) then ID = ID + ID ; else { ID = ID * ( ID + NUM ) ; ID = ID + ID ; } if ( ID <= NUM ) then ID = ID - ID ; else ID = ID + ID / NUM ; if ( ID == ID ) then ID = ID - ID ; else ID = ID - ID / NUM ; if ( ID > NUM ) then ID = ID - NUM ; else ID = ID + NUM ; if ( ID < NUM ) then ID = ID + NUM ; else ID = ID - NUM ; } 
 => { stmt stmt stmt stmt stmt while ( boolexpr ) { ID = simpleexpr + NUM ; ID = ID - NUM ; } if ( ID >= NUM ) then ID = ID + ID ; else { ID = ID * ( ID + NUM ) ; ID = ID + ID ; } if ( ID <= NUM ) then ID = ID - ID ; else ID = ID + ID / NUM ; if ( ID == ID ) then ID = ID - ID ; else ID = ID - ID / NUM ; if ( ID > NUM ) then ID = ID - NUM ; else ID = ID + NUM ; if ( ID < NUM ) then ID = ID + NUM ; else ID = ID - NUM ; } 
 => { stmt stmt stmt stmt stmt while ( boolexpr ) { ID = ID + NUM ; ID = ID - NUM ; } if ( ID >= NUM ) then ID = ID + ID ; else { ID = ID * ( ID + NUM ) ; ID = ID + ID ; } if ( ID <= NUM ) then ID = ID - ID ; else ID = ID + ID / NUM ; if ( ID == ID ) then ID = ID - ID ; else ID = ID - ID / NUM ; if ( ID > NUM ) then ID = ID - NUM ; else ID = ID + NUM ; if ( ID < NUM ) then ID = ID + NUM ; else ID = ID - NUM ; } 
 => { stmt stmt stmt stmt stmt while ( arithexpr boolop arithexpr ) { ID = ID + NUM ; ID = ID - NUM ; } if ( ID >= NUM ) then ID = ID + ID ; else { ID = ID * ( ID + NUM ) ; ID = ID + ID ; } if ( ID <= NUM ) then ID = ID - ID ; else ID = ID + ID / NUM ; if ( ID == ID ) then ID = ID - ID ; else ID = ID - ID / NUM ; if ( ID > NUM ) then ID = ID - NUM ; else ID = ID + NUM ; if ( ID < NUM ) then ID = ID + NUM ; else ID = ID - NUM ; } 
 => { stmt stmt stmt stmt stmt while ( arithexpr boolop multexpr arithexprprime ) { ID = ID + NUM ; ID = ID - NUM ; } if ( ID >= NUM ) then ID = ID + ID ; else { ID = ID * ( ID + NUM ) ; ID = ID + ID ; } if ( ID <= NUM ) then ID = ID - ID ; else ID = ID + ID / NUM ; if ( ID == ID ) then ID = ID - ID ; else ID = ID - ID / NUM ; if ( ID > NUM ) then ID = ID - NUM ; else ID = ID + NUM ; if ( ID < NUM ) then ID = ID + NUM ; else ID = ID - NUM ; } 
 => { stmt stmt stmt stmt stmt while ( arithexpr boolop multexpr ) { ID = ID + NUM ; ID = ID - NUM ; } if ( ID >= NUM ) then ID = ID + ID ; else { ID = ID * ( ID + NUM ) ; ID = ID + ID ; } if ( ID <= NUM ) then ID = ID - ID ; else ID = ID + ID / NUM ; if ( ID == ID ) then ID = ID - ID ; else ID = ID - ID / NUM ; if ( ID > NUM ) then ID = ID - NUM ; else ID = ID + NUM ; if ( ID < NUM ) then ID = ID + NUM ; else ID = ID - NUM ; } 
 => { stmt stmt stmt stmt stmt while ( arithexpr boolop simpleexpr multexprprime ) { ID = ID + NUM ; ID = ID - NUM ; } if ( ID >= NUM ) then ID = ID + ID ; else { ID = ID * ( ID + NUM ) ; ID = ID + ID ; } if ( ID <= NUM ) then ID = ID - ID ; else ID = ID + ID / NUM ; if ( ID == ID ) then ID = ID - ID ; else ID = ID - ID / NUM ; if ( ID > NUM ) then ID = ID - NUM ; else ID = ID + NUM ; if ( ID < NUM ) then ID = ID + NUM ; else ID = ID - NUM ; } 
 => { stmt stmt stmt stmt stmt while ( arithexpr boolop simpleexpr ) { ID = ID + NUM ; ID = ID - NUM ; } if ( ID >= NUM ) then ID = ID + ID ; else { ID = ID * ( ID + NUM ) ; ID = ID + ID ; } if ( ID <= NUM ) then ID = ID - ID ; else ID = ID + ID / NUM ; if ( ID == ID ) then ID = ID - ID ; else ID = ID - ID / NUM ; if ( ID > NUM ) then ID = ID - NUM ; else ID = ID + NUM ; if ( ID < NUM ) then ID = ID + NUM ; else ID = ID - NUM ; } 
 => { stmt stmt stmt stmt stmt while ( arithexpr boolop NUM ) { ID = ID + NUM ; ID = ID - NUM ; } if ( ID >= NUM ) then ID = ID + ID ; else { ID = ID * ( ID + NUM ) ; ID = ID + ID ; } if ( ID <= NUM ) then ID = ID - ID ; else ID = ID + ID / NUM ; if ( ID == ID ) then ID = ID - ID ; else ID = ID - ID / NUM ; if ( ID > NUM ) then ID = ID - NUM ; else ID = ID + NUM ; if ( ID < NUM ) then ID = ID + NUM ; else ID = ID - NUM ; } 
 => { stmt stmt stmt stmt stmt while ( arithexpr > NUM ) { ID = ID + NUM ; ID = ID - NUM ; } if ( ID >= NUM ) then ID = ID + ID ; else { ID = ID * ( ID + NUM ) ; ID = ID + ID ; } if ( ID <= NUM ) then ID = ID - ID ; else ID = ID + ID / NUM ; if ( ID == ID ) then ID = ID - ID ; else ID = ID - ID / NUM ; if ( ID > NUM ) then ID = ID - NUM ; else ID = ID + NUM ; if ( ID < NUM ) then ID = ID + NUM ; else ID = ID - NUM ; } 
 => { stmt stmt stmt stmt stmt while ( multexpr arithexprprime > NUM ) { ID = ID + NUM ; ID = ID - NUM ; } if ( ID >= NUM ) then ID = ID + ID ; else { ID = ID * ( ID + NUM ) ; ID = ID + ID ; } if ( ID <= NUM ) then ID = ID - ID ; else ID = ID + ID / NUM ; if ( ID == ID ) then ID = ID - ID ; else ID = ID - ID / NUM ; if ( ID > NUM ) then ID = ID - NUM ; else ID = ID + NUM ; if ( ID < NUM ) then ID = ID + NUM ; else ID = ID - NUM ; } 
 => { stmt stmt stmt stmt stmt while ( multexpr > NUM ) { ID = ID + NUM ; ID = ID - NUM ; } if ( ID >= NUM ) then ID = ID + ID ; else { ID = ID * ( ID + NUM ) ; ID = ID + ID ; } if ( ID <= NUM ) then ID = ID - ID ; else ID = ID + ID / NUM ; if ( ID == ID ) then ID = ID - ID ; else ID = ID - ID / NUM ; if ( ID > NUM ) then ID = ID - NUM ; else ID = ID + NUM ; if ( ID < NUM ) then ID = ID + NUM ; else ID = ID - NUM ; } 
 => { stmt stmt stmt stmt stmt while ( simpleexpr multexprprime > NUM ) { ID = ID + NUM ; ID = ID - NUM ; } if ( ID >= NUM ) then ID = ID + ID ; else { ID = ID * ( ID + NUM ) ; ID = ID + ID ; } if ( ID <= NUM ) then ID = ID - ID ; else ID = ID + ID / NUM ; if ( ID == ID ) then ID = ID - ID ; else ID = ID - ID / NUM ; if ( ID > NUM ) then ID = ID - NUM ; else ID = ID + NUM ; if ( ID < NUM ) then ID = ID + NUM ; else ID = ID - NUM ; } 
 => { stmt stmt stmt stmt stmt while ( simpleexpr > NUM ) { ID = ID + NUM ; ID = ID - NUM ; } if ( ID >= NUM ) then ID = ID + ID ; else { ID = ID * ( ID + NUM ) ; ID = ID + ID ; } if ( ID <= NUM ) then ID = ID - ID ; else ID = ID + ID / NUM ; if ( ID == ID ) then ID = ID - ID ; else ID = ID - ID / NUM ; if ( ID > NUM ) then ID = ID - NUM ; else ID = ID + NUM ; if ( ID < NUM ) then ID = ID + NUM ; else ID = ID - NUM ; } 
 => { stmt stmt stmt stmt stmt while ( ID > NUM ) { ID = ID + NUM ; ID = ID - NUM ; } if ( ID >= NUM ) then ID = ID + ID ; else { ID = ID * ( ID + NUM ) ; ID = ID + ID ; } if ( ID <= NUM ) then ID = ID - ID ; else ID = ID + ID / NUM ; if ( ID == ID ) then ID = ID - ID ; else ID = ID - ID / NUM ; if ( ID > NUM ) then ID = ID - NUM ; else ID = ID + NUM ; if ( ID < NUM ) then ID = ID + NUM ; else ID = ID - NUM ; } 
 => { stmt stmt stmt stmt assgstmt while ( ID > NUM ) { ID = ID + NUM ; ID = ID - NUM ; } if ( ID >= NUM ) then ID = ID + ID ; else { ID = ID * ( ID + NUM ) ; ID = ID + ID ; } if ( ID <= NUM ) then ID = ID - ID ; else ID = ID + ID / NUM ; if ( ID == ID ) then ID = ID - ID ; else ID = ID - ID / NUM ; if ( ID > NUM ) then ID = ID - NUM ; else ID = ID + NUM ; if ( ID < NUM ) then ID = ID + NUM ; else ID = ID - NUM ; } 
 => { stmt stmt stmt stmt ID = arithexpr ; while ( ID > NUM ) { ID = ID + NUM ; ID = ID - NUM ; } if ( ID >= NUM ) then ID = ID + ID ; else { ID = ID * ( ID + NUM ) ; ID = ID + ID ; } if ( ID <= NUM ) then ID = ID - ID ; else ID = ID + ID / NUM ; if ( ID == ID ) then ID = ID - ID ; else ID = ID - ID / NUM ; if ( ID > NUM ) then ID = ID - NUM ; else ID = ID + NUM ; if ( ID < NUM ) then ID = ID + NUM ; else ID = ID - NUM ; } 
 => { stmt stmt stmt stmt ID = multexpr arithexprprime ; while ( ID > NUM ) { ID = ID + NUM ; ID = ID - NUM ; } if ( ID >= NUM ) then ID = ID + ID ; else { ID = ID * ( ID + NUM ) ; ID = ID + ID ; } if ( ID <= NUM ) then ID = ID - ID ; else ID = ID + ID / NUM ; if ( ID == ID ) then ID = ID - ID ; else ID = ID - ID / NUM ; if ( ID > NUM ) then ID = ID - NUM ; else ID = ID + NUM ; if ( ID < NUM ) then ID = ID + NUM ; else ID = ID - NUM ; } 
 => { stmt stmt stmt stmt ID = multexpr ; while ( ID > NUM ) { ID = ID + NUM ; ID = ID - NUM ; } if ( ID >= NUM ) then ID = ID + ID ; else { ID = ID * ( ID + NUM ) ; ID = ID + ID ; } if ( ID <= NUM ) then ID = ID - ID ; else ID = ID + ID / NUM ; if ( ID == ID ) then ID = ID - ID ; else ID = ID - ID / NUM ; if ( ID > NUM ) then ID = ID - NUM ; else ID = ID + NUM ; if ( ID < NUM ) then ID = ID + NUM ; else ID = ID - NUM ; } 
 => { stmt stmt stmt stmt ID = simpleexpr multexprprime ; while ( ID > NUM ) { ID = ID + NUM ; ID = ID - NUM ; } if ( ID >= NUM ) then ID = ID + ID ; else { ID = ID * ( ID + NUM ) ; ID = ID + ID ; } if ( ID <= NUM ) then ID = ID - ID ; else ID = ID + ID / NUM ; if ( ID == ID ) then ID = ID - ID ; else ID = ID - ID / NUM ; if ( ID > NUM ) then ID = ID - NUM ; else ID = ID + NUM ; if ( ID < NUM ) then ID = ID + NUM ; else ID = ID - NUM ; } 
 => { stmt stmt stmt stmt ID = simpleexpr ; while ( ID > NUM ) { ID = ID + NUM ; ID = ID - NUM ; } if ( ID >= NUM ) then ID = ID + ID ; else { ID = ID * ( ID + NUM ) ; ID = ID + ID ; } if ( ID <= NUM ) then ID = ID - ID ; else ID = ID + ID / NUM ; if ( ID == ID ) then ID = ID - ID ; else ID = ID - ID / NUM ; if ( ID > NUM ) then ID = ID - NUM ; else ID = ID + NUM ; if ( ID < NUM ) then ID = ID + NUM ; else ID = ID - NUM ; } 
 => { stmt stmt stmt stmt ID = NUM ; while ( ID > NUM ) { ID = ID + NUM ; ID = ID - NUM ; } if ( ID >= NUM ) then ID = ID + ID ; else { ID = ID * ( ID + NUM ) ; ID = ID + ID ; } if ( ID <= NUM ) then ID = ID - ID ; else ID = ID + ID / NUM ; if ( ID == ID ) then ID = ID - ID ; else ID = ID - ID / NUM ; if ( ID > NUM ) then ID = ID - NUM ; else ID = ID + NUM ; if ( ID < NUM ) then ID = ID + NUM ; else ID = ID - NUM ; } 
 => { stmt stmt stmt assgstmt ID = NUM ; while ( ID > NUM ) { ID = ID + NUM ; ID = ID - NUM ; } if ( ID >= NUM ) then ID = ID + ID ; else { ID = ID * ( ID + NUM ) ; ID = ID + ID ; } if ( ID <= NUM ) then ID = ID - ID ; else ID = ID + ID / NUM ; if ( ID == ID ) then ID = ID - ID ; else ID = ID - ID / NUM ; if ( ID > NUM ) then ID = ID - NUM ; else ID = ID + NUM ; if ( ID < NUM ) then ID = ID + NUM ; else ID = ID - NUM ; } 
 => { stmt stmt stmt ID = arithexpr ; ID = NUM ; while ( ID > NUM ) { ID = ID + NUM ; ID = ID - NUM ; } if ( ID >= NUM ) then ID = ID + ID ; else { ID = ID * ( ID + NUM ) ; ID = ID + ID ; } if ( ID <= NUM ) then ID = ID - ID ; else ID = ID + ID / NUM ; if ( ID == ID ) then ID = ID - ID ; else ID = ID - ID / NUM ; if ( ID > NUM ) then ID = ID - NUM ; else ID = ID + NUM ; if ( ID < NUM ) then ID = ID + NUM ; else ID = ID - NUM ; } 
 => { stmt stmt stmt ID = multexpr arithexprprime ; ID = NUM ; while ( ID > NUM ) { ID = ID + NUM ; ID = ID - NUM ; } if ( ID >= NUM ) then ID = ID + ID ; else { ID = ID * ( ID + NUM ) ; ID = ID + ID ; } if ( ID <= NUM ) then ID = ID - ID ; else ID = ID + ID / NUM ; if ( ID == ID ) then ID = ID - ID ; else ID = ID - ID / NUM ; if ( ID > NUM ) then ID = ID - NUM ; else ID = ID + NUM ; if ( ID < NUM ) then ID = ID + NUM ; else ID = ID - NUM ; } 
 => { stmt stmt stmt ID = multexpr ; ID = NUM ; while ( ID > NUM ) { ID = ID + NUM ; ID = ID - NUM ; } if ( ID >= NUM ) then ID = ID + ID ; else { ID = ID * ( ID + NUM ) ; ID = ID + ID ; } if ( ID <= NUM ) then ID = ID - ID ; else ID = ID + ID / NUM ; if ( ID == ID ) then ID = ID - ID ; else ID = ID - ID / NUM ; if ( ID > NUM ) then ID = ID - NUM ; else ID = ID + NUM ; if ( ID < NUM ) then ID = ID + NUM ; else ID = ID - NUM ; } 
 => { stmt stmt stmt ID = simpleexpr multexprprime ; ID = NUM ; while ( ID > NUM ) { ID = ID + NUM ; ID = ID - NUM ; } if ( ID >= NUM ) then ID = ID + ID ; else { ID = ID * ( ID + NUM ) ; ID = ID + ID ; } if ( ID <= NUM ) then ID = ID - ID ; else ID = ID + ID / NUM ; if ( ID == ID ) then ID = ID - ID ; else ID = ID - ID / NUM ; if ( ID > NUM ) then ID = ID - NUM ; else ID = ID + NUM ; if ( ID < NUM ) then ID = ID + NUM ; else ID = ID - NUM ; } 
 => { stmt stmt stmt ID = simpleexpr ; ID = NUM ; while ( ID > NUM ) { ID = ID + NUM ; ID = ID - NUM ; } if ( ID >= NUM ) then ID = ID + ID ; else { ID = ID * ( ID + NUM ) ; ID = ID + ID ; } if ( ID <= NUM ) then ID = ID - ID ; else ID = ID + ID / NUM ; if ( ID == ID ) then ID = ID - ID ; else ID = ID - ID / NUM ; if ( ID > NUM ) then ID = ID - NUM ; else ID = ID + NUM ; if ( ID < NUM ) then ID = ID + NUM ; else ID = ID - NUM ; } 
 => { stmt stmt stmt ID = NUM ; ID = NUM ; while ( ID > NUM ) { ID = ID + NUM ; ID = ID - NUM ; } if ( ID >= NUM ) then ID = ID + ID ; else { ID = ID * ( ID + NUM ) ; ID = ID + ID ; } if ( ID <= NUM ) then ID = ID - ID ; else ID = ID + ID / NUM ; if ( ID == ID ) then ID = ID - ID ; else ID = ID - ID / NUM ; if ( ID > NUM ) then ID = ID - NUM ; else ID = ID + NUM ; if ( ID < NUM ) then ID = ID + NUM ; else ID = ID - NUM ; } 
 => { stmt stmt assgstmt ID = NUM ; ID = NUM ; while ( ID > NUM ) { ID = ID + NUM ; ID = ID - NUM ; } if ( ID >= NUM ) then ID = ID + ID ; else { ID = ID * ( ID + NUM ) ; ID = ID + ID ; } if ( ID <= NUM ) then ID = ID - ID ; else ID = ID + ID / NUM ; if ( ID == ID ) then ID = ID - ID ; else ID = ID - ID / NUM ; if ( ID > NUM ) then ID = ID - NUM ; else ID = ID + NUM ; if ( ID < NUM ) then ID = ID + NUM ; else ID = ID - NUM ; } 
 => { stmt stmt ID = arithexpr ; ID = NUM ; ID = NUM ; while ( ID > NUM ) { ID = ID + NUM ; ID = ID - NUM ; } if ( ID >= NUM ) then ID = ID + ID ; else { ID = ID * ( ID + NUM ) ; ID = ID + ID ; } if ( ID <= NUM ) then ID = ID - ID ; else ID = ID + ID / NUM ; if ( ID == ID ) then ID = ID - ID ; else ID = ID - ID / NUM ; if ( ID > NUM ) then ID = ID - NUM ; else ID = ID + NUM ; if ( ID < NUM ) then ID = ID + NUM ; else ID = ID - NUM ; } 
 => { stmt stmt ID = multexpr arithexprprime ; ID = NUM ; ID = NUM ; while ( ID > NUM ) { ID = ID + NUM ; ID = ID - NUM ; } if ( ID >= NUM ) then ID = ID + ID ; else { ID = ID * ( ID + NUM ) ; ID = ID + ID ; } if ( ID <= NUM ) then ID = ID - ID ; else ID = ID + ID / NUM ; if ( ID == ID ) then ID = ID - ID ; else ID = ID - ID / NUM ; if ( ID > NUM ) then ID = ID - NUM ; else ID = ID + NUM ; if ( ID < NUM ) then ID = ID + NUM ; else ID = ID - NUM ; } 
 => { stmt stmt ID = multexpr ; ID = NUM ; ID = NUM ; while ( ID > NUM ) { ID = ID + NUM ; ID = ID - NUM ; } if ( ID >= NUM ) then ID = ID + ID ; else { ID = ID * ( ID + NUM ) ; ID = ID + ID ; } if ( ID <= NUM ) then ID = ID - ID ; else ID = ID + ID / NUM ; if ( ID == ID ) then ID = ID - ID ; else ID = ID - ID / NUM ; if ( ID > NUM ) then ID = ID - NUM ; else ID = ID + NUM ; if ( ID < NUM ) then ID = ID + NUM ; else ID = ID - NUM ; } 
 => { stmt stmt ID = simpleexpr multexprprime ; ID = NUM ; ID = NUM ; while ( ID > NUM ) { ID = ID + NUM ; ID = ID - NUM ; } if ( ID >= NUM ) then ID = ID + ID ; else { ID = ID * ( ID + NUM ) ; ID = ID + ID ; } if ( ID <= NUM ) then ID = ID - ID ; else ID = ID + ID / NUM ; if ( ID == ID ) then ID = ID - ID ; else ID = ID - ID / NUM ; if ( ID > NUM ) then ID = ID - NUM ; else ID = ID + NUM ; if ( ID < NUM ) then ID = ID + NUM ; else ID = ID - NUM ; } 
 => { stmt stmt ID = simpleexpr ; ID = NUM ; ID = NUM ; while ( ID > NUM ) { ID = ID + NUM ; ID = ID - NUM ; } if ( ID >= NUM ) then ID = ID + ID ; else { ID = ID * ( ID + NUM ) ; ID = ID + ID ; } if ( ID <= NUM ) then ID = ID - ID ; else ID = ID + ID / NUM ; if ( ID == ID ) then ID = ID - ID ; else ID = ID - ID / NUM ; if ( ID > NUM ) then ID = ID - NUM ; else ID = ID + NUM ; if ( ID < NUM ) then ID = ID + NUM ; else ID = ID - NUM ; } 
 => { stmt stmt ID = NUM ; ID = NUM ; ID = NUM ; while ( ID > NUM ) { ID = ID + NUM ; ID = ID - NUM ; } if ( ID >= NUM ) then ID = ID + ID ; else { ID = ID * ( ID + NUM ) ; ID = ID + ID ; } if ( ID <= NUM ) then ID = ID - ID ; else ID = ID + ID / NUM ; if ( ID == ID ) then ID = ID - ID ; else ID = ID - ID / NUM ; if ( ID > NUM ) then ID = ID - NUM ; else ID = ID + NUM ; if ( ID < NUM ) then ID = ID + NUM ; else ID = ID - NUM ; } 
 => { stmt assgstmt ID = NUM ; ID = NUM ; ID = NUM ; while ( ID > NUM ) { ID = ID + NUM ; ID = ID - NUM ; } if ( ID >= NUM ) then ID = ID + ID ; else { ID = ID * ( ID + NUM ) ; ID = ID + ID ; } if ( ID <= NUM ) then ID = ID - ID ; else ID = ID + ID / NUM ; if ( ID == ID ) then ID = ID - ID ; else ID = ID - ID / NUM ; if ( ID > NUM ) then ID = ID - NUM ; else ID = ID + NUM ; if ( ID < NUM ) then ID = ID + NUM ; else ID = ID - NUM ; } 
 => { stmt ID = arithexpr ; ID = NUM ; ID = NUM ; ID = NUM ; while ( ID > NUM ) { ID = ID + NUM ; ID = ID - NUM ; } if ( ID >= NUM ) then ID = ID + ID ; else { ID = ID * ( ID + NUM ) ; ID = ID + ID ; } if ( ID <= NUM ) then ID = ID - ID ; else ID = ID + ID / NUM ; if ( ID == ID ) then ID = ID - ID ; else ID = ID - ID / NUM ; if ( ID > NUM ) then ID = ID - NUM ; else ID = ID + NUM ; if ( ID < NUM ) then ID = ID + NUM ; else ID = ID - NUM ; } 
 => { stmt ID = multexpr arithexprprime ; ID = NUM ; ID = NUM ; ID = NUM ; while ( ID > NUM ) { ID = ID + NUM ; ID = ID - NUM ; } if ( ID >= NUM ) then ID = ID + ID ; else { ID = ID * ( ID + NUM ) ; ID = ID + ID ; } if ( ID <= NUM ) then ID = ID - ID ; else ID = ID + ID / NUM ; if ( ID == ID ) then ID = ID - ID ; else ID = ID - ID / NUM ; if ( ID > NUM ) then ID = ID - NUM ; else ID = ID + NUM ; if ( ID < NUM ) then ID = ID + NUM ; else ID = ID - NUM ; } 
 => { stmt ID = multexpr ; ID = NUM ; ID = NUM ; ID = NUM ; while ( ID > NUM ) { ID = ID + NUM ; ID = ID - NUM ; } if ( ID >= NUM ) then ID = ID + ID ; else { ID = ID * ( ID + NUM ) ; ID = ID + ID ; } if ( ID <= NUM ) then ID = ID - ID ; else ID = ID + ID / NUM ; if ( ID == ID ) then ID = ID - ID ; else ID = ID - ID / NUM ; if ( ID > NUM ) then ID = ID - NUM ; else ID = ID + NUM ; if ( ID < NUM ) then ID = ID + NUM ; else ID = ID - NUM ; } 
 => { stmt ID = simpleexpr multexprprime ; ID = NUM ; ID = NUM ; ID = NUM ; while ( ID > NUM ) { ID = ID + NUM ; ID = ID - NUM ; } if ( ID >= NUM ) then ID = ID + ID ; else { ID = ID * ( ID + NUM ) ; ID = ID + ID ; } if ( ID <= NUM ) then ID = ID - ID ; else ID = ID + ID / NUM ; if ( ID == ID ) then ID = ID - ID ; else ID = ID - ID / NUM ; if ( ID > NUM ) then ID = ID - NUM ; else ID = ID + NUM ; if ( ID < NUM ) then ID = ID + NUM ; else ID = ID - NUM ; } 
 => { stmt ID = simpleexpr ; ID = NUM ; ID = NUM ; ID = NUM ; while ( ID > NUM ) { ID = ID + NUM ; ID = ID - NUM ; } if ( ID >= NUM ) then ID = ID + ID ; else { ID = ID * ( ID + NUM ) ; ID = ID + ID ; } if ( ID <= NUM ) then ID = ID - ID ; else ID = ID + ID / NUM ; if ( ID == ID ) then ID = ID - ID ; else ID = ID - ID / NUM ; if ( ID > NUM ) then ID = ID - NUM ; else ID = ID + NUM ; if ( ID < NUM ) then ID = ID + NUM ; else ID = ID - NUM ; } 
 => { stmt ID = NUM ; ID = NUM ; ID = NUM ; ID = NUM ; while ( ID > NUM ) { ID = ID + NUM ; ID = ID - NUM ; } if ( ID >= NUM ) then ID = ID + ID ; else { ID = ID * ( ID + NUM ) ; ID = ID + ID ; } if ( ID <= NUM ) then ID = ID - ID ; else ID = ID + ID / NUM ; if ( ID == ID ) then ID = ID - ID ; else ID = ID - ID / NUM ; if ( ID > NUM ) then ID = ID - NUM ; else ID = ID + NUM ; if ( ID < NUM ) then ID = ID + NUM ; else ID = ID - NUM ; } 
 => { assgstmt ID = NUM ; ID = NUM ; ID = NUM ; ID = NUM ; while ( ID > NUM ) { ID = ID + NUM ; ID = ID - NUM ; } if ( ID >= NUM ) then ID = ID + ID ; else { ID = ID * ( ID + NUM ) ; ID = ID + ID ; } if ( ID <= NUM ) then ID = ID - ID ; else ID = ID + ID / NUM ; if ( ID == ID ) then ID = ID - ID ; else ID = ID - ID / NUM ; if ( ID > NUM ) then ID = ID - NUM ; else ID = ID + NUM ; if ( ID < NUM ) then ID = ID + NUM ; else ID = ID - NUM ; } 
 => { ID = arithexpr ; ID = NUM ; ID = NUM ; ID = NUM ; ID = NUM ; while ( ID > NUM ) { ID = ID + NUM ; ID = ID - NUM ; } if ( ID >= NUM ) then ID = ID + ID ; else { ID = ID * ( ID + NUM ) ; ID = ID + ID ; } if ( ID <= NUM ) then ID = ID - ID ; else ID = ID + ID / NUM ; if ( ID == ID ) then ID = ID - ID ; else ID = ID - ID / NUM ; if ( ID > NUM ) then ID = ID - NUM ; else ID = ID + NUM ; if ( ID < NUM ) then ID = ID + NUM ; else ID = ID - NUM ; } 
 => { ID = multexpr arithexprprime ; ID = NUM ; ID = NUM ; ID = NUM ; ID = NUM ; while ( ID > NUM ) { ID = ID + NUM ; ID = ID - NUM ; } if ( ID >= NUM ) then ID = ID + ID ; else { ID = ID * ( ID + NUM ) ; ID = ID + ID ; } if ( ID <= NUM ) then ID = ID - ID ; else ID = ID + ID / NUM ; if ( ID == ID ) then ID = ID - ID ; else ID = ID - ID / NUM ; if ( ID > NUM ) then ID = ID - NUM ; else ID = ID + NUM ; if ( ID < NUM ) then ID = ID + NUM ; else ID = ID - NUM ; } 
 => { ID = multexpr ; ID = NUM ; ID = NUM ; ID = NUM ; ID = NUM ; while ( ID > NUM ) { ID = ID + NUM ; ID = ID - NUM ; } if ( ID >= NUM ) then ID = ID + ID ; else { ID = ID * ( ID + NUM ) ; ID = ID + ID ; } if ( ID <= NUM ) then ID = ID - ID ; else ID = ID + ID / NUM ; if ( ID == ID ) then ID = ID - ID ; else ID = ID - ID / NUM ; if ( ID > NUM ) then ID = ID - NUM ; else ID = ID + NUM ; if ( ID < NUM ) then ID = ID + NUM ; else ID = ID - NUM ; } 
 => { ID = simpleexpr multexprprime ; ID = NUM ; ID = NUM ; ID = NUM ; ID = NUM ; while ( ID > NUM ) { ID = ID + NUM ; ID = ID - NUM ; } if ( ID >= NUM ) then ID = ID + ID ; else { ID = ID * ( ID + NUM ) ; ID = ID + ID ; } if ( ID <= NUM ) then ID = ID - ID ; else ID = ID + ID / NUM ; if ( ID == ID ) then ID = ID - ID ; else ID = ID - ID / NUM ; if ( ID > NUM ) then ID = ID - NUM ; else ID = ID + NUM ; if ( ID < NUM ) then ID = ID + NUM ; else ID = ID - NUM ; } 
 => { ID = simpleexpr ; ID = NUM ; ID = NUM ; ID = NUM ; ID = NUM ; while ( ID > NUM ) { ID = ID + NUM ; ID = ID - NUM ; } if ( ID >= NUM ) then ID = ID + ID ; else { ID = ID * ( ID + NUM ) ; ID = ID + ID ; } if ( ID <= NUM ) then ID = ID - ID ; else ID = ID + ID / NUM ; if ( ID == ID ) then ID = ID - ID ; else ID = ID - ID / NUM ; if ( ID > NUM ) then ID = ID - NUM ; else ID = ID + NUM ; if ( ID < NUM ) then ID = ID + NUM ; else ID = ID - NUM ; } 
 => { ID = NUM ; ID = NUM ; ID = NUM ; ID = NUM ; ID = NUM ; while ( ID > NUM ) { ID = ID + NUM ; ID = ID - NUM ; } if ( ID >= NUM ) then ID = ID + ID ; else { ID = ID * ( ID + NUM ) ; ID = ID + ID ; } if ( ID <= NUM ) then ID = ID - ID ; else ID = ID + ID / NUM ; if ( ID == ID ) then ID = ID - ID ; else ID = ID - ID / NUM ; if ( ID > NUM ) then ID = ID - NUM ; else ID = ID + NUM ; if ( ID < NUM ) then ID = ID + NUM ; else ID = ID - NUM ; } 